Gadgets information
============================================================
0x000000000011442f : call qword ptr [r10] // 41ff12
0x0000000000076d5f : call qword ptr [r14] // 41ff16
0x00000000000ba867 : call qword ptr [r15] // 41ff17
0x000000000000306f : call qword ptr [rax] // ff10
0x000000000000359e : call qword ptr [rbx] // ff13
0x0000000000007081 : call qword ptr [rcx] // ff11
0x00000000000aeb94 : call qword ptr [rdi] // ff17
0x000000000007e2b4 : call qword ptr [rdx] // ff12
0x0000000000076d60 : call qword ptr [rsi] // ff16
0x0000000000028959 : call r12 // 41ffd4
0x0000000000021470 : call r14 // 41ffd6
0x00000000000233e0 : call r15 // 41ffd7
0x0000000000066473 : call r8 // 41ffd0
0x00000000000202df : call rax // ffd0
0x00000000000210e5 : call rbx // ffd3
0x0000000000021ad7 : call rcx // ffd1
0x00000000000233e1 : call rdi // ffd7
0x0000000000035916 : call rdx // ffd2
0x0000000000021471 : call rsi // ffd6
0x000000000002895a : call rsp // ffd4
0x00000000000631ce : cdq ; ret // 99c3
0x000000000004cb33 : cdq ; ret 0x34 // 99c23400
0x000000000018df02 : clc ; call qword ptr [rbx] // f8ff13
0x000000000018ea02 : clc ; call qword ptr [rcx] // f8ff11
0x000000000018cec2 : clc ; call qword ptr [rdi] // f8ff17
0x000000000018db32 : clc ; call qword ptr [rdx] // f8ff12
0x000000000018d3ba : clc ; call qword ptr [rsi] // f8ff16
0x0000000000190c7a : clc ; call rbx // f8ffd3
0x0000000000191042 : clc ; call rcx // f8ffd1
0x000000000018ddd2 : clc ; call rdx // f8ffd2
0x000000000016ea7a : clc ; call rsp // f8ffd4
0x000000000018e1e2 : clc ; jmp qword ptr [rax] // f8ff20
0x000000000018faf2 : clc ; jmp qword ptr [rbx] // f8ff23
0x000000000018fe92 : clc ; jmp qword ptr [rcx] // f8ff21
0x000000000018d332 : clc ; jmp qword ptr [rdi] // f8ff27
0x000000000018e5d2 : clc ; jmp qword ptr [rdx] // f8ff22
0x0000000000047d5c : clc ; jmp rax // f8ffe0
0x0000000000191092 : clc ; jmp rbx // f8ffe3
0x000000000018d632 : clc ; jmp rdi // f8ffe7
0x000000000018d1ca : clc ; jmp rsi // f8ffe6
0x000000000016ec82 : clc ; jmp rsp // f8ffe4
0x0000000000020b0f : clc ; ret // f8c3
0x0000000000169612 : clc ; ret 0x6e1f // f8c21f6e
0x0000000000032fc0 : clc ; syscall // f80f05
0x000000000016a2fe : cld ; call qword ptr [rax] // fcff10
0x000000000017cc5a : cld ; call qword ptr [rbx] // fcff13
0x000000000016a746 : cld ; call qword ptr [rdx] // fcff12
0x000000000016a6a2 : cld ; call qword ptr [rsi] // fcff16
0x000000000016a302 : cld ; call rax // fcffd0
0x000000000016a736 : cld ; call rdx // fcffd2
0x000000000016a6d2 : cld ; call rsi // fcffd6
0x000000000016a7fe : cld ; call rsp // fcffd4
0x000000000016a36a : cld ; jmp qword ptr [rax] // fcff20
0x000000000017e07a : cld ; jmp qword ptr [rbx] // fcff23
0x000000000016a72a : cld ; jmp qword ptr [rdx] // fcff22
0x000000000016a6c6 : cld ; jmp qword ptr [rsi] // fcff26
0x000000000016a2e2 : cld ; jmp rax // fcffe0
0x000000000016a75a : cld ; jmp rdx // fcffe2
0x000000000016a6b6 : cld ; jmp rsi // fcffe6
0x000000000016a7e2 : cld ; jmp rsp // fcffe4
0x0000000000043b62 : cld ; ret // fcc3
0x000000000005cc59 : cld ; retf // fccb
0x000000000017d504 : cld ; retf 0 // fcca0000
0x000000000018d504 : cld ; retf 1 // fcca0100
0x0000000000077ca0 : cld ; retf 6 // fcca0600
0x0000000000161076 : cli ; call qword ptr [rax] // faff10
0x000000000017cbe2 : cli ; call qword ptr [rbx] // faff13
0x0000000000173b52 : cli ; call qword ptr [rdi] // faff17
0x000000000015ff9a : cli ; call rax // faffd0
0x000000000016f93a : cli ; call rsp // faffd4
0x00000000001748c2 : cli ; jmp qword ptr [rcx] // faff21
0x000000000017c9d2 : cli ; jmp qword ptr [rdi] // faff27
0x000000000015ff92 : cli ; jmp rax // faffe0
0x0000000000030ebc : cli ; jmp rdx // faffe2
0x000000000016fa1a : cli ; jmp rsp // faffe4
0x0000000000101b1b : cli ; retf 0 // faca0000
0x00000000000f5b25 : cli ; syscall // fa0f05
0x000000000015e39e : cmc ; call qword ptr [rax] // f5ff10
0x0000000000183cba : cmc ; call qword ptr [rbx] // f5ff13
0x000000000015dfa6 : cmc ; call qword ptr [rcx] // f5ff11
0x000000000015e30e : cmc ; call qword ptr [rdi] // f5ff17
0x000000000015e48a : cmc ; call qword ptr [rdx] // f5ff12
0x000000000015e382 : cmc ; call qword ptr [rsi] // f5ff16
0x000000000015e3ba : cmc ; call rax // f5ffd0
0x000000000015e59e : cmc ; call rdi // f5ffd7
0x0000000000184e92 : cmc ; call rdx // f5ffd2
0x000000000015ddde : cmc ; call rsp // f5ffd4
0x000000000015e33a : cmc ; jmp qword ptr [rax] // f5ff20
0x0000000000182d4a : cmc ; jmp qword ptr [rcx] // f5ff21
0x000000000015e2fe : cmc ; jmp qword ptr [rdi] // f5ff27
0x00000000001841a2 : cmc ; jmp qword ptr [rdx] // f5ff22
0x000000000015dd0a : cmc ; jmp qword ptr [rsi] // f5ff26
0x000000000015e3ae : cmc ; jmp rax // f5ffe0
0x000000000015e41a : cmc ; jmp rbx // f5ffe3
0x000000000015df6a : cmc ; jmp rcx // f5ffe1
0x000000000015e89a : cmc ; jmp rdi // f5ffe7
0x00000000001843c2 : cmc ; jmp rdx // f5ffe2
0x000000000015e8a2 : cmc ; jmp rsp // f5ffe4
0x0000000000118886 : cmc ; ret 4 // f5c20400
0x0000000000068f47 : cmc ; retf // f5cb
0x000000000007c286 : cmpsb byte ptr [rsi], byte ptr [rdi] ; retf // a6cb
0x0000000000003902 : cmpsd dword ptr [rsi], dword ptr [rdi] ; ret 0x49ec // a7c2ec49
0x00000000000f368d : cmpsd dword ptr [rsi], dword ptr [rdi] ; ret 0xfff2 // a7c2f2ff
0x00000000000802bd : cmpsd dword ptr [rsi], dword ptr [rdi] ; retf 0xd // a7ca0d00
0x000000000017e049 : cwde ; call qword ptr [rsi] // 98f2ff16
0x0000000000003b0d : cwde ; ret // 98c3
0x000000000002e8e4 : cwde ; ret 0x36 // 98c23600
0x0000000000003c15 : cwde ; retf // 98cb
0x000000000000238e : cwde ; retf -0x7e40 // 98cac081
0x0000000000181f32 : hlt ; call qword ptr [rbx] // f4ff13
0x000000000015d97a : hlt ; call qword ptr [rdx] // f4ff12
0x0000000000181f72 : hlt ; call qword ptr [rsi] // f4ff16
0x0000000000180ab2 : hlt ; call rdi // f4ffd7
0x000000000018213a : hlt ; call rdx // f4ffd2
0x000000000015d9c6 : hlt ; call rsi // f4ffd6
0x000000000016d4ea : hlt ; call rsp // f4ffd4
0x0000000000181baa : hlt ; jmp qword ptr [rax] // f4ff20
0x0000000000181fb2 : hlt ; jmp qword ptr [rcx] // f4ff21
0x00000000001817ea : hlt ; jmp qword ptr [rdi] // f4ff27
0x0000000000180922 : hlt ; jmp qword ptr [rdx] // f4ff22
0x0000000000181a2a : hlt ; jmp rbx // f4ffe3
0x0000000000180c7a : hlt ; jmp rdx // f4ffe2
0x000000000015daba : hlt ; jmp rsp // f4ffe4
0x000000000005a62b : hlt ; ret // f4c3
0x000000000016f068 : hlt ; ret 0xfff8 // f4c2f8ff
0x0000000000149ca8 : hlt ; ret 0xfff9 // f4c2f9ff
0x000000000017d5fc : hlt ; retf // f4cb
0x00000000000f2fe8 : hlt ; retf -1 // f4caffff
0x000000000016ed84 : hlt ; retf 1 // f4ca0100
0x00000000001740c2 : in al, dx ; call qword ptr [rax] // ecff10
0x0000000000173b6a : in al, dx ; call qword ptr [rcx] // ecff11
0x00000000001740da : in al, dx ; call qword ptr [rdx] // ecff12
0x0000000000173fd2 : in al, dx ; call qword ptr [rsi] // ecff16
0x0000000000174a72 : in al, dx ; call rax // ecffd0
0x0000000000174362 : in al, dx ; call rcx // ecffd1
0x000000000016b35a : in al, dx ; call rsp // ecffd4
0x0000000000173eca : in al, dx ; jmp qword ptr [rax] // ecff20
0x0000000000173eb2 : in al, dx ; jmp qword ptr [rbx] // ecff23
0x00000000001730da : in al, dx ; jmp qword ptr [rcx] // ecff21
0x0000000000173ee2 : in al, dx ; jmp qword ptr [rdx] // ecff22
0x000000000017340a : in al, dx ; jmp qword ptr [rsi] // ecff26
0x0000000000175322 : in al, dx ; jmp rcx // ecffe1
0x00000000001752d2 : in al, dx ; jmp rdi // ecffe7
0x000000000016b452 : in al, dx ; jmp rsp // ecffe4
0x000000000017cdf4 : in al, dx ; ret // ecc3
0x000000000015ac0d : in al, dx ; retf -0x51ce // ecca32ae
0x0000000000175542 : in eax, dx ; call qword ptr [rcx] // edff11
0x000000000017549a : in eax, dx ; call qword ptr [rdi] // edff17
0x0000000000157216 : in eax, dx ; call qword ptr [rdx] // edff12
0x000000000014abd2 : in eax, dx ; call rax // edffd0
0x0000000000157106 : in eax, dx ; call rcx // edffd1
0x000000000017565a : in eax, dx ; call rdi // edffd7
0x000000000016bd32 : in eax, dx ; call rsp // edffd4
0x000000000015712e : in eax, dx ; jmp rbx // edffe3
0x000000000016bb22 : in eax, dx ; jmp rsp // edffe4
0x0000000000098902 : in eax, dx ; ret // edc3
0x0000000000159018 : in eax, dx ; retf // edcb
0x000000000016c21c : insb byte ptr [rdi], dx ; ret // 6cc3
0x000000000005adbf : insb byte ptr [rdi], dx ; ret 0xffff // 6cc2ffff
0x000000000016ec7c : insb byte ptr [rdi], dx ; ret 1 // 6cc20100
0x000000000016c31c : insb byte ptr [rdi], dx ; retf // 6ccb
0x000000000016c304 : insb byte ptr [rdi], dx ; retf 0 // 6cca0000
0x0000000000001bf4 : insd dword ptr [rdi], dx ; ret 0x1bb7 // 6dc2b71b
0x00000000001594ad : insd dword ptr [rdi], dx ; ret 0xb9b9 // 6dc2b9b9
0x00000000000b36c7 : insd dword ptr [rdi], dx ; ret 0xfff6 // 6dc2f6ff
0x000000000004cb8f : insd dword ptr [rdi], dx ; retf 0x11 // 6dca1100
0x0000000000002c3b : int 0x80 // cd80
0x00000000000034e0 : int 0xcb // cdcb
0x000000000017d47a : int1 ; call qword ptr [rax] // f1ff10
0x000000000017d492 : int1 ; call qword ptr [rdx] // f1ff12
0x000000000017d0f2 : int1 ; call qword ptr [rsi] // f1ff16
0x00000000000210e4 : int1 ; call rbx // f1ffd3
0x000000000017d36a : int1 ; call rdi // f1ffd7
0x000000000017cf72 : int1 ; call rdx // f1ffd2
0x000000000017cfa2 : int1 ; call rsi // f1ffd6
0x000000000016cada : int1 ; call rsp // f1ffd4
0x000000000017d462 : int1 ; jmp qword ptr [rax] // f1ff20
0x000000000017c8e2 : int1 ; jmp qword ptr [rbx] // f1ff23
0x000000000017d0da : int1 ; jmp qword ptr [rdi] // f1ff27
0x000000000015ccce : int1 ; jmp qword ptr [rsi] // f1ff26
0x000000000015cca6 : int1 ; jmp rax // f1ffe0
0x000000000017c942 : int1 ; jmp rbx // f1ffe3
0x00000000000990f5 : int1 ; jmp rcx // f1ffe1
0x000000000016c9b2 : int1 ; jmp rsp // f1ffe4
0x0000000000002613 : int1 ; ret // f1c3
0x000000000007d66a : iretd ; call rax // cfffd0
0x000000000007e2ff : iretd ; call rcx // cfffd1
0x000000000002a8d0 : iretd ; syscall // cf0f05
0x00000000001103bf : jmp 0x110385 // ebc3
0x0000000000112c17 : jmp 0x112be5 // ebcb
0x0000000000113677 : jmp 0x113645 // ebcb
0x000000000011f8f2 : jmp 0x11f8c0 // ebcb
0x0000000000144428 : jmp 0x1443f6 // ebcb
0x00000000001444a6 : jmp 0x144474 // ebcb
0x0000000000144938 : jmp 0x144906 // ebcb
0x00000000001449b6 : jmp 0x144984 // ebcb
0x0000000000145a58 : jmp 0x145a26 // ebcb
0x0000000000145ad6 : jmp 0x145aa4 // ebcb
0x0000000000145f68 : jmp 0x145f36 // ebcb
0x0000000000145fe6 : jmp 0x145fb4 // ebcb
0x000000000015a129 : jmp 0x15a0f7 // ebcb
0x000000000015a676 : jmp 0x15a644 // ebcb
0x000000000001fb0d : jmp 0x1fad3 // ebc3
0x0000000000002bfb : jmp 0x2bc9 // ebcb
0x00000000000038c3 : jmp 0x3889 // ebc3
0x00000000000038c7 : jmp 0x3895 // ebcb
0x0000000000042ed1 : jmp 0x42e9f // ebcb
0x0000000000043401 : jmp 0x433cf // ebcb
0x000000000004d89b : jmp 0x4d861 // ebc3
0x0000000000062ae0 : jmp 0x62aae // ebcb
0x000000000006f704 : jmp 0x6f6d2 // ebcb
0x0000000000071342 : jmp 0x71310 // ebcb
0x000000000007ea84 : jmp 0x7ea4a // ebc3
0x000000000008a7ac : jmp 0x8a772 // ebc3
0x0000000000098ace : jmp 0x98a94 // ebc3
0x0000000000098b9f : jmp 0x98b65 // ebc3
0x0000000000098c0e : jmp 0x98bd4 // ebc3
0x00000000000a9173 : jmp 0xa9141 // ebcb
0x00000000000aeac8 : jmp 0xaea96 // ebcb
0x00000000000b3991 : jmp 0xb395f // ebcb
0x00000000000c3d72 : jmp 0xc3d38 // ebc3
0x00000000000c9dfa : jmp 0xc9dc0 // ebc3
0x00000000000e4df2 : jmp 0xe4db8 // ebc3
0x0000000000040626 : jmp qword ptr [r8] // 45ff20
0x0000000000040627 : jmp qword ptr [rax] // ff20
0x000000000000256b : jmp qword ptr [rbx] // ff23
0x000000000000df00 : jmp qword ptr [rcx] // ff21
0x0000000000118554 : jmp qword ptr [rdi] // ff27
0x000000000016a72b : jmp qword ptr [rdx] // ff22
0x000000000015cccf : jmp qword ptr [rsi] // ff26
0x0000000000001b62 : jmp r10 // 4fffe2
0x000000000008ed07 : jmp r9 // 41ffe1
0x0000000000020571 : jmp rax // ffe0
0x000000000015712f : jmp rbx // ffe3
0x0000000000041caa : jmp rcx // ffe1
0x00000000000cf627 : jmp rdi // ffe7
0x0000000000001b63 : jmp rdx // ffe2
0x000000000002a58d : jmp rsi // ffe6
0x0000000000002a79 : jmp rsp // ffe4
0x000000000017e329 : lahf ; jmp rdi // 9ff2ffe7
0x00000000000eb90d : lahf ; ret // 9fc3
0x00000000000e5883 : lahf ; ret 0x8545 // 9fc24585
0x0000000000157e1d : lahf ; ret 0x871e // 9fc21e87
0x00000000000c1a0a : lahf ; ret 0x8feb // 9fc2eb8f
0x000000000004d168 : lahf ; ret 0xbcd9 // 9fc2d9bc
0x00000000000ca1f6 : lahf ; ret 0xc931 // 9fc231c9
0x0000000000056701 : lahf ; ret 0xd329 // 9fc229d3
0x000000000004ccec : lahf ; ret 0xe683 // 9fc283e6
0x000000000004eb55 : lahf ; ret 0xe783 // 9fc283e7
0x00000000000e4b0b : lahf ; ret 0xe883 // 9fc283e8
0x0000000000099099 : lahf ; ret 0xea81 // 9fc281ea
0x000000000004d576 : lahf ; ret 0xf640 // 9fc240f6
0x00000000000facdd : lahf ; retf 0 // 9fca0000
0x000000000003c795 : leave ; ret // c9c3
0x000000000007cebb : leave ; ret 0x31 // c9c23100
0x00000000000e7304 : leave ; ret 7 // c9c20700
0x000000000015a0b4 : leave ; retf // c9cb
0x00000000001570a9 : leave ; retf -0x3335 // c9cacbcc
0x0000000000037133 : leave ; retf 0 // c9ca0000
0x0000000000158881 : leave ; retf 0x6ee8 // c9cae86e
0x0000000000064ada : lodsb al, byte ptr [rsi] ; retf // accb
0x000000000002c458 : lodsb al, byte ptr [rsi] ; retf 0x36 // acca3600
0x00000000000428f2 : lodsd eax, dword ptr [rsi] ; ret // adc3
0x000000000005f19f : lodsd eax, dword ptr [rsi] ; retf 0 // adca0000
0x000000000017e3b1 : movsb byte ptr [rdi], byte ptr [rsi] ; jmp qword ptr [rax] // a4f2ff20
0x0000000000080518 : movsb byte ptr [rdi], byte ptr [rsi] ; ret // a4c3
0x000000000011e150 : movsb byte ptr [rdi], byte ptr [rsi] ; ret 0x27 // a4c22700
0x000000000018ccac : movsb byte ptr [rdi], byte ptr [rsi] ; ret 1 // a4c20100
0x00000000001700d0 : movsb byte ptr [rdi], byte ptr [rsi] ; retf // a4cb
0x000000000016f0d8 : movsb byte ptr [rdi], byte ptr [rsi] ; retf -8 // a4caf8ff
0x000000000017e441 : movsd dword ptr [rdi], dword ptr [rsi] ; jmp qword ptr [rcx] // a5f2ff21
0x00000000000427e2 : movsd dword ptr [rdi], dword ptr [rsi] ; ret // a5c3
0x000000000007a547 : movsd dword ptr [rdi], dword ptr [rsi] ; retf -1 // a5caffff
0x0000000000006ae0 : nop ; ret // 90c3
0x0000000000002fae : nop ; ret 0x5bdb // 90c2db5b
0x000000000001dcb8 : nop ; retf // 90cb
0x000000000000354b : nop ; retf -0x1612 // 90caeee9
0x00000000000056e8 : nop ; retf 0x11 // 90ca1100
0x00000000000021ca : nop ; retf 0x3844 // 90ca4438
0x000000000015791a : out dx, al ; call qword ptr [rax] // eeff10
0x000000000007db1a : out dx, al ; call rax // eeffd0
0x000000000016bdc2 : out dx, al ; call rsp // eeffd4
0x0000000000175e1a : out dx, al ; jmp qword ptr [rcx] // eeff21
0x0000000000002899 : out dx, al ; retf 0x182c // eeca2c18
0x00000000000e735c : out dx, al ; syscall // ee0f05
0x000000000017645a : out dx, eax ; call qword ptr [rax] // efff10
0x000000000010cb6f : out dx, eax ; call qword ptr [rbx] // efff13
0x0000000000176662 : out dx, eax ; call qword ptr [rcx] // efff11
0x000000000017923a : out dx, eax ; call qword ptr [rdx] // efff12
0x0000000000179c02 : out dx, eax ; call qword ptr [rsi] // efff16
0x00000000000203a1 : out dx, eax ; call rax // efffd0
0x000000000009b757 : out dx, eax ; call rbx // efffd3
0x0000000000118072 : out dx, eax ; call rcx // efffd1
0x000000000015bcae : out dx, eax ; call rdi // efffd7
0x000000000010c726 : out dx, eax ; call rdx // efffd2
0x0000000000178682 : out dx, eax ; call rsi // efffd6
0x000000000016be62 : out dx, eax ; call rsp // efffd4
0x000000000015bd8a : out dx, eax ; jmp qword ptr [rax] // efff20
0x00000000001785a2 : out dx, eax ; jmp qword ptr [rbx] // efff23
0x0000000000177fe2 : out dx, eax ; jmp qword ptr [rcx] // efff21
0x00000000001769a2 : out dx, eax ; jmp qword ptr [rdi] // efff27
0x000000000017766a : out dx, eax ; jmp qword ptr [rdx] // efff22
0x000000000017801a : out dx, eax ; jmp qword ptr [rsi] // efff26
0x000000000015be8e : out dx, eax ; jmp rdx // efffe2
0x000000000016beba : out dx, eax ; jmp rsp // efffe4
0x0000000000098a43 : out dx, eax ; ret 0xf66 // efc2660f
0x000000000015a6bb : out dx, eax ; retf -0x54f3 // efca0dab
0x0000000000098a26 : out dx, eax ; retf 0x4466 // efca6644
0x00000000000037ee : outsb dx, byte ptr [rsi] ; retf // 6ecb
0x000000000008245f : outsd dx, dword ptr [rsi] ; ret // 6fc3
0x0000000000159246 : outsd dx, dword ptr [rsi] ; ret 0x5ae4 // 6fc2e45a
0x00000000000824aa : outsd dx, dword ptr [rsi] ; ret 0xf66 // 6fc2660f
0x00000000001220c9 : outsd dx, dword ptr [rsi] ; retf 0x4466 // 6fca6644
0x000000000014492a : outsd dx, dword ptr [rsi] ; retf 0xf66 // 6fca660f
0x000000000014441a : outsd dx, dword ptr [rsi] ; retf 0xff3 // 6fcaf30f
0x0000000000113654 : pop rax ; call rax // 58ffd0
0x0000000000113496 : pop rax ; jmp rcx // 58ffe1
0x0000000000035fc8 : pop rax ; ret // 58c3
0x00000000000e36dc : pop rax ; ret 0xfff3 // 58c2f3ff
0x0000000000190938 : pop rax ; ret 0xfff8 // 58c2f8ff
0x00000000001149d4 : pop rax ; retf // 58cb
0x0000000000069228 : pop rbp ; jmp rax // 5dffe0
0x000000000010a935 : pop rbp ; jmp rcx // 5dffe1
0x000000000010c082 : pop rbp ; jmp rdx // 5dffe2
0x000000000001f9c3 : pop rbp ; ret // 5dc3
0x0000000000074774 : pop rbx ; jmp rax // 5bffe0
0x0000000000031a38 : pop rbx ; ret // 5bc3
0x0000000000001b18 : pop rbx ; ret 0x2a63 // 5bc2632a
0x000000000015b100 : pop rbx ; ret 0x6f9 // 5bc2f906
0x00000000000b36d9 : pop rbx ; ret 0xfff6 // 5bc2f6ff
0x000000000007a491 : pop rbx ; retf // 5bcb
0x0000000000181380 : pop rcx ; ret // 59c3
0x000000000010bdd3 : pop rcx ; ret 0 // 59c20000
0x00000000000e4b72 : pop rcx ; retf // 59cb
0x00000000000e4d82 : pop rcx ; retf -0x3c7d // 59ca83c3
0x000000000009b463 : pop rcx ; retf 0x2f // 59ca2f00
0x00000000000e8d0c : pop rdi ; call rax // 5fffd0
0x000000000007b822 : pop rdi ; jmp rax // 5fffe0
0x000000000001fc6a : pop rdi ; ret // 5fc3
0x0000000000001c26 : pop rdi ; retf 0x49f2 // 5fcaf249
0x0000000000001b92 : pop rdx ; ret // 5ac3
0x0000000000159f83 : pop rdx ; retf // 5acb
0x000000000001fc1a : pop rsi ; ret // 5ec3
0x00000000000e4d4b : pop rsi ; ret 0xcdbb // 5ec2bbcd
0x000000000005adb4 : pop rsi ; retf // 5ecb
0x000000000000245f : pop rsi ; retf -0x75c1 // 5eca3f8a
0x000000000006b984 : pop rsp ; jmp rax // 5cffe0
0x0000000000003848 : pop rsp ; ret // 5cc3
0x000000000003f223 : pop rsp ; ret 0x35 // 5cc23500
0x00000000000c3f65 : pop rsp ; ret 0x4d08 // 5cc2084d
0x000000000000319d : pop rsp ; ret 0x52c0 // 5cc2c052
0x000000000017d564 : pop rsp ; retf // 5ccb
0x0000000000024d85 : pop rsp ; retf 0x13 // 5cca1300
0x0000000000042159 : pop rsp ; retf 0x4df0 // 5ccaf04d
0x000000000017e181 : popfq ; call qword ptr [rcx] // 9df2ff11
0x000000000017e1c9 : popfq ; jmp qword ptr [rcx] // 9df2ff21
0x0000000000065a47 : popfq ; ret // 9dc3
0x00000000000026b3 : popfq ; retf // 9dcb
0x000000000015ae62 : popfq ; retf -0x21b1 // 9dca4fde
0x00000000000fc3d7 : popfq ; retf 0x29 // 9dca2900
0x0000000000021168 : push rax ; call rbx // 50ffd3
0x0000000000007098 : push rax ; ret // 50c3
0x00000000000f2f8c : push rax ; retf // 50cb
0x0000000000007278 : push rax ; retf 0x10 // 50ca1000
0x0000000000176dd8 : push rbp ; ret // 55c3
0x00000000000026b5 : push rbp ; retf // 55cb
0x0000000000185106 : push rbx ; ret // 53c3
0x0000000000101568 : push rbx ; ret 0x29 // 53c22900
0x0000000000159225 : push rcx ; call qword ptr [rsi] // 51ff16
0x000000000017a2cb : push rcx ; ret // 51c3
0x00000000000e930b : push rcx ; ret 0 // 51c20000
0x0000000000059543 : push rcx ; retf // 51cb
0x0000000000184c29 : push rcx ; retf 0 // 51ca0000
0x000000000014533e : push rdi ; ret // 57c3
0x00000000001453de : push rdi ; ret 0xff3 // 57c2f30f
0x0000000000144f03 : push rdi ; retf // 57cb
0x0000000000144f83 : push rdi ; retf -0x354e // 57cab2ca
0x00000000000ffe65 : push rdi ; retf -0xe // 57caf2ff
0x0000000000178a40 : push rdx ; ret // 52c3
0x0000000000101562 : push rdx ; ret 0x29 // 52c22900
0x000000000003272f : push rsi ; ret // 56c3
0x000000000003bc25 : push rsi ; retf // 56cb
0x00000000000f3656 : push rsi ; retf -1 // 56caffff
0x0000000000032729 : push rsp ; ret // 54c3
0x000000000016c1f4 : push rsp ; ret 0 // 54c20000
0x00000000000220b8 : push rsp ; ret 0x37 // 54c23700
0x00000000000eba14 : push rsp ; ret 0x8940 // 54c24089
0x00000000000e4d0f : push rsp ; retf // 54cb
0x00000000000ec189 : push rsp ; retf -0x74c0 // 54ca408b
0x000000000016f0c8 : push rsp ; retf -8 // 54caf8ff
0x000000000017d45c : push rsp ; retf 0 // 54ca0000
0x00000000000420f0 : push rsp ; retf 0x48f8 // 54caf848
0x000000000018d45c : push rsp ; retf 1 // 54ca0100
0x000000000015a76a : push rsp ; syscall // 540f05
0x00000000000a9a32 : pushfq ; ret 0xd009 // 9cc209d0
0x000000000016c32c : pushfq ; retf // 9ccb
0x000000000017d4a4 : pushfq ; retf 0 // 9cca0000
0x0000000000000937 : ret // c3
0x000000000001fc91 : ret 0 // c20000
0x000000000000e701 : ret 0x10 // c21000
0x00000000000007bf : ret 0x102 // c20201
0x000000000006663f : ret 0x107 // c20701
0x000000000004d82c : ret 0x11 // c21100
0x0000000000079212 : ret 0x110 // c21001
0x000000000004224c : ret 0x114d // c24d11
0x000000000008eb9c : ret 0x1175 // c27511
0x000000000004d7c2 : ret 0x11c2 // c2c211
0x000000000004a7e2 : ret 0x11f2 // c2f211
0x000000000003dc89 : ret 0x12 // c21200
0x000000000005aee6 : ret 0x12e9 // c2e912
0x000000000002c80f : ret 0x13 // c21300
0x000000000002fa06 : ret 0x1353 // c25313
0x00000000000f7d0a : ret 0x1376 // c27613
0x000000000010f502 : ret 0x1378 // c27813
0x000000000005e384 : ret 0x14 // c21400
0x00000000000aee5e : ret 0x144 // c24401
0x00000000000b456b : ret 0x1474 // c27414
0x000000000008f119 : ret 0x147c // c27c14
0x000000000005702b : ret 0x148 // c24801
0x00000000000a63f8 : ret 0x1489 // c28914
0x00000000000c385b : ret 0x148b // c28b14
0x00000000000752f2 : ret 0x149 // c24901
0x000000000005cdf5 : ret 0x14c // c24c01
0x00000000000899dc : ret 0x14d // c24d01
0x00000000000d27ab : ret 0x1589 // c28915
0x000000000001deb0 : ret 0x1616 // c21616
0x000000000001c830 : ret 0x1625 // c22516
0x00000000000f7b67 : ret 0x1676 // c27616
0x00000000000db197 : ret 0x1677 // c27716
0x000000000002352b : ret 0x1689 // c28916
0x00000000000bb92d : ret 0x16eb // c2eb16
0x000000000005f7ca : ret 0x17 // c21700
0x0000000000023da8 : ret 0x1789 // c28917
0x00000000000e9a43 : ret 0x17e8 // c2e817
0x000000000004cb53 : ret 0x18 // c21800
0x00000000000e0776 : ret 0x180 // c28001
0x00000000001469ec : ret 0x180f // c20f18
0x0000000000083915 : ret 0x1876 // c27618
0x00000000000835b5 : ret 0x1974 // c27419
0x000000000007b91c : ret 0x1976 // c27619
0x00000000000ab112 : ret 0x19e9 // c2e919
0x00000000000a4b9e : ret 0x19eb // c2eb19
0x000000000009d49e : ret 0x1a // c21a00
0x000000000008e95a : ret 0x1a74 // c2741a
0x0000000000028aab : ret 0x1a76 // c2761a
0x000000000015a91a : ret 0x1ad4 // c2d41a
0x00000000001590ad : ret 0x1b49 // c2491b
0x00000000000baabd : ret 0x1b8 // c2b801
0x0000000000105b21 : ret 0x1b9 // c2b901
0x00000000000c3de8 : ret 0x1bb // c2bb01
0x0000000000001bf5 : ret 0x1bb7 // c2b71b
0x00000000000aa1f1 : ret 0x1be // c2be01
0x000000000005bc6f : ret 0x1be8 // c2e81b
0x000000000007ad7f : ret 0x1bf // c2bf01
0x00000000000034af : ret 0x1bf9 // c2f91b
0x00000000000e0ef1 : ret 0x1c77 // c2771c
0x000000000008c480 : ret 0x1ceb // c2eb1c
0x000000000000fef8 : ret 0x1d // c21d00
0x0000000000154590 : ret 0x1d4 // c2d401
0x0000000000154d28 : ret 0x1d5 // c2d501
0x00000000000834b6 : ret 0x1d74 // c2741d
0x00000000000a8041 : ret 0x1db // c2db01
0x00000000000021dd : ret 0x1dd4 // c2d41d
0x00000000000ac5b9 : ret 0x1e74 // c2741e
0x00000000000e9759 : ret 0x1e8 // c2e801
0x00000000000204ca : ret 0x1f0f // c20f1f
0x00000000001038ae : ret 0x1f72 // c2721f
0x000000000009ac73 : ret 0x1f74 // c2741f
0x000000000002b34f : ret 0x200 // c20002
0x00000000000dc3e7 : ret 0x2040 // c24020
0x00000000000a6d24 : ret 0x205f // c25f20
0x000000000007e8dd : ret 0x2074 // c27420
0x00000000000ba57a : ret 0x20f // c20f02
0x000000000003230e : ret 0x2148 // c24821
0x0000000000042964 : ret 0x2173 // c27321
0x00000000000e1139 : ret 0x21e8 // c2e821
0x0000000000047593 : ret 0x22 // c22200
0x000000000007e86b : ret 0x2275 // c27522
0x0000000000098d67 : ret 0x2276 // c27622
0x000000000007e998 : ret 0x2288 // c28822
0x000000000010741e : ret 0x233c // c23c23
0x0000000000028aa2 : ret 0x2372 // c27223
0x0000000000145542 : ret 0x2373 // c27323
0x0000000000033ca2 : ret 0x237f // c27f23
0x00000000000025ef : ret 0x23cb // c2cb23
0x0000000000153598 : ret 0x24 // c22400
0x00000000000027e0 : ret 0x244f // c24f24
0x000000000007b02d : ret 0x2475 // c27524
0x00000000000f9029 : ret 0x2476 // c27624
0x00000000000ff486 : ret 0x24e8 // c2e824
0x0000000000057e10 : ret 0x25 // c22500
0x0000000000073f45 : ret 0x2501 // c20125
0x000000000002a5dd : ret 0x25e9 // c2e925
0x0000000000007b28 : ret 0x26 // c22600
0x000000000011e151 : ret 0x27 // c22700
0x0000000000080936 : ret 0x2774 // c27427
0x000000000011e32a : ret 0x27c0 // c2c027
0x00000000000b8233 : ret 0x27e8 // c2e827
0x000000000000054f : ret 0x2800 // c20028
0x000000000008ff45 : ret 0x280f // c20f28
0x0000000000106f50 : ret 0x2875 // c27528
0x0000000000083905 : ret 0x2876 // c27628
0x000000000011502a : ret 0x2896 // c29628
0x000000000010f9b2 : ret 0x28ae // c2ae28
0x00000000000ac840 : ret 0x28f5 // c2f528
0x0000000000109032 : ret 0x28ff // c2ff28
0x00000000000fcb98 : ret 0x29 // c22900
0x000000000003bf7d : ret 0x2941 // c24129
0x000000000010d164 : ret 0x2944 // c24429
0x00000000000a0742 : ret 0x2945 // c24529
0x0000000000038acf : ret 0x2948 // c24829
0x00000000000c7816 : ret 0x2949 // c24929
0x000000000003b2ef : ret 0x294c // c24c29
0x000000000007b453 : ret 0x2975 // c27529
0x0000000000070dda : ret 0x2976 // c27629
0x00000000000d1ff4 : ret 0x2977 // c27729
0x00000000000fbab2 : ret 0x29d3 // c2d329
0x000000000002b824 : ret 0x29eb // c2eb29
0x00000000000ecc50 : ret 0x2a // c22a00
0x00000000000f4e4a : ret 0x2a3f // c23f2a
0x0000000000001b19 : ret 0x2a63 // c2632a
0x00000000000ea4b2 : ret 0x2ae9 // c2e92a
0x00000000000e96b2 : ret 0x2af7 // c2f72a
0x00000000000587e1 : ret 0x2b // c22b00
0x00000000000a6d3a : ret 0x2b48 // c2482b
0x0000000000022b4f : ret 0x2b49 // c2492b
0x0000000000078d28 : ret 0x2b75 // c2752b
0x00000000000990a2 : ret 0x2b77 // c2772b
0x00000000000e11b2 : ret 0x2b7c // c27c2b
0x000000000010dd3b : ret 0x2b8 // c2b802
0x00000000000e337e : ret 0x2b8c // c28c2b
0x0000000000106f49 : ret 0x2c3c // c23c2c
0x0000000000106121 : ret 0x2c6 // c2c602
0x00000000001038a0 : ret 0x2d72 // c2722d
0x000000000002ec95 : ret 0x2e66 // c2662e
0x000000000006263c : ret 0x2ee8 // c2e82e
0x000000000009bbe1 : ret 0x2f // c22f00
0x000000000007d11e : ret 0x2f74 // c2742f
0x0000000000036558 : ret 0x3039 // c23930
0x0000000000001b88 : ret 0x306a // c26a30
0x00000000000382a9 : ret 0x30eb // c2eb30
0x00000000000ccde7 : ret 0x30f // c20f03
0x0000000000003fa0 : ret 0x31 // c23100
0x0000000000022a2d : ret 0x3101 // c20131
0x00000000000776bf : ret 0x3110 // c21031
0x0000000000048452 : ret 0x3145 // c24531
0x000000000010dfd0 : ret 0x3148 // c24831
0x000000000010dfaf : ret 0x3149 // c24931
0x00000000000ea3fe : ret 0x31c3 // c2c331
0x000000000007caca : ret 0x31c6 // c2c631
0x000000000007b1c6 : ret 0x31df // c2df31
0x00000000000e9c29 : ret 0x31e8 // c2e831
0x000000000007a7b2 : ret 0x31e9 // c2e931
0x0000000000069641 : ret 0x32 // c23200
0x000000000007dc39 : ret 0x320a // c20a32
0x0000000000076dca : ret 0x321f // c21f32
0x000000000006943a : ret 0x32c4 // c2c432
0x000000000006fa39 : ret 0x32ec // c2ec32
0x0000000000153a88 : ret 0x33 // c23300
0x000000000003061f : ret 0x3325 // c22533
0x000000000006ab39 : ret 0x333b // c23b33
0x00000000000648b2 : ret 0x3345 // c24533
0x000000000010deb0 : ret 0x334c // c24c33
0x000000000010e0c9 : ret 0x334d // c24d33
0x00000000000631b2 : ret 0x335c // c25c33
0x00000000000629b2 : ret 0x3364 // c26433
0x000000000000a558 : ret 0x34 // c23400
0x0000000000052f3a : ret 0x3429 // c22934
0x000000000008f0f9 : ret 0x347c // c27c34
0x000000000002ee6e : ret 0x348 // c24803
0x0000000000027096 : ret 0x349 // c24903
0x000000000000f670 : ret 0x35 // c23500
0x0000000000037cd8 : ret 0x357e // c27e35
0x000000000002e8a2 : ret 0x36 // c23600
0x00000000000db3df : ret 0x3675 // c27536
0x000000000008f454 : ret 0x36e8 // c2e836
0x000000000002ba3a : ret 0x36ee // c2ee36
0x0000000000022030 : ret 0x37 // c23700
0x00000000000294ba : ret 0x370f // c20f37
0x00000000000bd8da : ret 0x375 // c27503
0x0000000000030e86 : ret 0x3774 // c27437
0x00000000000410a6 : ret 0x3775 // c27537
0x000000000004bdaa : ret 0x380 // c28003
0x00000000000bcbda : ret 0x382 // c28203
0x000000000015a1fa : ret 0x3827 // c22738
0x00000000000a8710 : ret 0x3840 // c24038
0x00000000000838f5 : ret 0x3876 // c27638
0x00000000000749fb : ret 0x389 // c28903
0x0000000000158886 : ret 0x38ae // c2ae38
0x0000000000067da6 : ret 0x38b // c28b03
0x0000000000010021 : ret 0x39 // c23900
0x00000000001313da : ret 0x390 // c29003
0x000000000002e83d : ret 0x3901 // c20139
0x0000000000102e3b : ret 0x3904 // c20439
0x00000000000a8cf9 : ret 0x3907 // c20739
0x00000000000c5514 : ret 0x3920 // c22039
0x000000000008eab6 : ret 0x3941 // c24139
0x000000000004423c : ret 0x3944 // c24439
0x00000000000c45b6 : ret 0x3945 // c24539
0x000000000002aba3 : ret 0x3948 // c24839
0x0000000000023f8f : ret 0x3949 // c24939
0x00000000000899df : ret 0x394c // c24c39
0x0000000000031c9d : ret 0x394d // c24d39
0x00000000000988f2 : ret 0x3a01 // c2013a
0x000000000014552b : ret 0x3a73 // c2733a
0x00000000000d1545 : ret 0x3ae9 // c2e93a
0x00000000000f16ee : ret 0x3b01 // c2013b
0x0000000000084081 : ret 0x3b48 // c2483b
0x00000000000ab655 : ret 0x3b8 // c2b803
0x0000000000024966 : ret 0x3b89 // c2893b
0x00000000000a8b1a : ret 0x3bba // c2ba3b
0x00000000000e736d : ret 0x3be // c2be03
0x000000000003225b : ret 0x3be9 // c2e93b
0x000000000007e851 : ret 0x3c75 // c2753c
0x0000000000040d5f : ret 0x3ce9 // c2e93c
0x0000000000022102 : ret 0x3d83 // c2833d
0x0000000000040f57 : ret 0x3dbe // c2be3d
0x0000000000043187 : ret 0x3e74 // c2743e
0x0000000000067ae2 : ret 0x3f75 // c2753f
0x00000000000009f5 : ret 0x4021 // c22140
0x00000000000f7c0d : ret 0x4075 // c27540
0x0000000000100503 : ret 0x4078 // c27840
0x000000000009b098 : ret 0x408d // c28d40
0x000000000003ced2 : ret 0x4101 // c20141
0x0000000000104492 : ret 0x4102 // c20241
0x000000000009d19c : ret 0x4104 // c20441
0x00000000000477a1 : ret 0x4108 // c20841
0x0000000000047c25 : ret 0x4110 // c21041
0x000000000007990e : ret 0x4117 // c21741
0x000000000004a970 : ret 0x4120 // c22041
0x000000000008e9a3 : ret 0x4153 // c25341
0x000000000002320e : ret 0x41c3 // c2c341
0x0000000000010e70 : ret 0x42 // c24200
0x0000000000106108 : ret 0x4201 // c20142
0x000000000010c775 : ret 0x4203 // c20342
0x00000000000a8a63 : ret 0x4240 // c24042
0x000000000008f70a : ret 0x4266 // c26642
0x00000000000680b3 : ret 0x4275 // c27542
0x00000000000a8ca9 : ret 0x428d // c28d42
0x000000000006c768 : ret 0x42e8 // c2e842
0x00000000000710aa : ret 0x4376 // c27643
0x00000000000292b3 : ret 0x4389 // c28943
0x00000000000de699 : ret 0x43f6 // c2f643
0x000000000004007f : ret 0x4401 // c20144
0x0000000000000888 : ret 0x440c // c20c44
0x0000000000000456 : ret 0x4412 // c21244
0x000000000002a4c9 : ret 0x4476 // c27644
0x00000000000c4641 : ret 0x4489 // c28944
0x00000000000e0a52 : ret 0x448b // c28b44
0x0000000000008080 : ret 0x45 // c24500
0x000000000009932a : ret 0x4504 // c20445
0x000000000002ee9f : ret 0x4508 // c20845
0x00000000000f1d36 : ret 0x4528 // c22845
0x0000000000033f2e : ret 0x4577 // c27745
0x0000000000106292 : ret 0x4589 // c28945
0x00000000000d52b6 : ret 0x458b // c28b45
0x0000000000040dc9 : ret 0x45e9 // c2e945
0x000000000008bb3a : ret 0x4601 // c20146
0x000000000004e773 : ret 0x4675 // c27546
0x00000000000f61cc : ret 0x468d // c28d46
0x000000000010769f : ret 0x46c7 // c2c746
0x000000000008eb14 : ret 0x474 // c27404
0x0000000000159384 : ret 0x474c // c24c47
0x00000000000db713 : ret 0x47e8 // c2e847
0x00000000000207f9 : ret 0x4801 // c20148
0x00000000000ec422 : ret 0x4802 // c20248
0x000000000004f734 : ret 0x4803 // c20348
0x0000000000024a82 : ret 0x4804 // c20448
0x00000000000ec822 : ret 0x4805 // c20548
0x00000000000ec722 : ret 0x4806 // c20648
0x00000000000ec6a2 : ret 0x4807 // c20748
0x0000000000042bac : ret 0x4808 // c20848
0x000000000002ab9c : ret 0x4809 // c20948
0x00000000000ec7a2 : ret 0x480a // c20a48
0x00000000000ec3a2 : ret 0x480b // c20b48
0x000000000003fe87 : ret 0x4810 // c21048
0x000000000001f9b1 : ret 0x4811 // c21148
0x0000000000114961 : ret 0x4812 // c21248
0x00000000000ea81d : ret 0x4814 // c21448
0x00000000000bc659 : ret 0x481e // c21e48
0x000000000007cc80 : ret 0x4820 // c22048
0x00000000000f078c : ret 0x4830 // c23048
0x0000000000063a5c : ret 0x4840 // c24048
0x00000000000f3bbb : ret 0x4864 // c26448
0x000000000002767e : ret 0x4890 // c29048
0x0000000000038187 : ret 0x48b // c28b04
0x0000000000080688 : ret 0x48c3 // c2c348
0x000000000003644e : ret 0x48d // c28d04
0x00000000000e4422 : ret 0x48e8 // c2e848
0x00000000000e6d34 : ret 0x48eb // c2eb48
0x000000000015ab46 : ret 0x48f // c28f04
0x0000000000010540 : ret 0x49 // c24900
0x0000000000020749 : ret 0x4901 // c20149
0x0000000000026aaf : ret 0x4902 // c20249
0x0000000000031edc : ret 0x4903 // c20349
0x000000000002584f : ret 0x4904 // c20449
0x00000000000ab1eb : ret 0x4909 // c20949
0x00000000000bab2a : ret 0x4910 // c21049
0x0000000000044c47 : ret 0x491e // c21e49
0x000000000007cd3e : ret 0x4920 // c22049
0x00000000000323a4 : ret 0x4975 // c27549
0x0000000000003903 : ret 0x49ec // c2ec49
0x00000000000da4a2 : ret 0x4a07 // c2074a
0x0000000000050eaa : ret 0x4a7 // c2a704
0x00000000000c655d : ret 0x4a8b // c28b4a
0x00000000000da45f : ret 0x4b01 // c2014b
0x00000000000648a1 : ret 0x4b8 // c2b804
0x000000000010f5a2 : ret 0x4b89 // c2894b
0x00000000000d4e04 : ret 0x4be9 // c2e94b
0x000000000002585a : ret 0x4c01 // c2014c
0x0000000000104287 : ret 0x4c02 // c2024c
0x00000000000c7c72 : ret 0x4c04 // c2044c
0x00000000000b879c : ret 0x4c08 // c2084c
0x0000000000103e52 : ret 0x4c0c // c20c4c
0x00000000000cf635 : ret 0x4c10 // c2104c
0x00000000000c7221 : ret 0x4c20 // c2204c
0x00000000000b3107 : ret 0x4c48 // c2484c
0x00000000000ac77e : ret 0x4c80 // c2804c
0x00000000000c6258 : ret 0x4d01 // c2014d
0x00000000000eaa19 : ret 0x4d02 // c2024d
0x00000000000c3f66 : ret 0x4d08 // c2084d
0x0000000000094802 : ret 0x4d10 // c2104d
0x0000000000022020 : ret 0x4d74 // c2744d
0x0000000000005b60 : ret 0x4e // c24e00
0x000000000015a5a7 : ret 0x4e27 // c2274e
0x000000000003037a : ret 0x4e8 // c2e804
0x00000000000aa9ad : ret 0x4eb // c2eb04
0x00000000000cc6d7 : ret 0x4f02 // c2024f
0x0000000000033dd4 : ret 0x4f77 // c2774f
0x00000000000d9d4a : ret 0x50e8 // c2e850
0x0000000000010fd8 : ret 0x51 // c25100
0x0000000000145514 : ret 0x5173 // c27351
0x00000000000d9f09 : ret 0x51e8 // c2e851
0x000000000005267c : ret 0x51ff // c2ff51
0x000000000000319e : ret 0x52c0 // c2c052
0x00000000000667f6 : ret 0x5389 // c28953
0x00000000000661b1 : ret 0x538b // c28b53
0x0000000000040bc7 : ret 0x5422 // c22254
0x000000000010d6fa : ret 0x543 // c24305
0x000000000008f0d9 : ret 0x547c // c27c54
0x00000000000dc30d : ret 0x5488 // c28854
0x0000000000032b29 : ret 0x5489 // c28954
0x000000000010cdfa : ret 0x54c // c24c05
0x000000000015880c : ret 0x5508 // c20855
0x0000000000041078 : ret 0x5574 // c27455
0x0000000000002466 : ret 0x5576 // c27655
0x00000000000c382e : ret 0x5589 // c28955
0x000000000006c08e : ret 0x5590 // c29055
0x000000000007e837 : ret 0x5675 // c27556
0x00000000000f79e2 : ret 0x577 // c27705
0x000000000002af60 : ret 0x578b // c28b57
0x000000000015aad8 : ret 0x5803 // c20358
0x0000000000024c19 : ret 0x5841 // c24158
0x000000000003502b : ret 0x589 // c28905
0x00000000001584e0 : ret 0x591c // c21c59
0x0000000000027372 : ret 0x5941 // c24159
0x0000000000003279 : ret 0x5a51 // c2515a
0x0000000000073b33 : ret 0x5a76 // c2765a
0x0000000000159247 : ret 0x5ae4 // c2e45a
0x0000000000064490 : ret 0x5ba // c2ba05
0x0000000000002faf : ret 0x5bdb // c2db5b
0x0000000000003065 : ret 0x5cbe // c2be5c
0x000000000007da0e : ret 0x5ce8 // c2e85c
0x00000000000f08bd : ret 0x5ce9 // c2e95c
0x00000000000f1a46 : ret 0x5d5b // c25b5d
0x00000000000e588e : ret 0x5f74 // c2745f
0x000000000008b1bb : ret 0x5fe8 // c2e85f
0x00000000000004b9 : ret 0x6080 // c28060
0x000000000007d114 : ret 0x6174 // c27461
0x000000000000272d : ret 0x617e // c27e61
0x00000000000ea4f9 : ret 0x61e8 // c2e861
0x000000000015af72 : ret 0x62c1 // c2c162
0x000000000004bac8 : ret 0x62e8 // c2e862
0x000000000004e7a3 : ret 0x6348 // c24863
0x0000000000070a92 : ret 0x6349 // c24963
0x000000000008b7a8 : ret 0x634c // c24c63
0x00000000000c7682 : ret 0x634d // c24d63
0x000000000009942a : ret 0x6375 // c27563
0x000000000008280f : ret 0x63be // c2be63
0x0000000000067788 : ret 0x6411 // c21164
0x00000000000b3819 : ret 0x6474 // c27464
0x000000000008f0c9 : ret 0x647c // c27c64
0x000000000008bbc1 : ret 0x64e9 // c2e964
0x00000000000f7f0c : ret 0x6601 // c20166
0x0000000000118669 : ret 0x6604 // c20466
0x000000000008f17a : ret 0x6610 // c21066
0x0000000000083882 : ret 0x6620 // c22066
0x000000000000282f : ret 0x6642 // c24266
0x0000000000058d00 : ret 0x6673 // c27366
0x000000000007bd00 : ret 0x66c3 // c2c366
0x0000000000082b2a : ret 0x672 // c27206
0x00000000001584ff : ret 0x67b2 // c2b267
0x00000000000a8a60 : ret 0x6948 // c24869
0x0000000000032ad4 : ret 0x6974 // c27469
0x00000000000649a0 : ret 0x6ae8 // c2e86a
0x00000000000b9e9f : ret 0x6b8 // c2b806
0x0000000000003cf2 : ret 0x6bba // c2ba6b
0x0000000000027258 : ret 0x6be9 // c2e96b
0x000000000009abd1 : ret 0x6c74 // c2746c
0x000000000008bd2b : ret 0x6ce9 // c2e96c
0x0000000000169613 : ret 0x6e1f // c21f6e
0x00000000000afa98 : ret 0x6eb8 // c2b86e
0x00000000000f9189 : ret 0x6ee9 // c2e96e
0x000000000015b101 : ret 0x6f9 // c2f906
0x00000000000f4304 : ret 0x700 // c20007
0x00000000000a6264 : ret 0x7173 // c27371
0x0000000000074f71 : ret 0x7401 // c20174
0x0000000000079a0e : ret 0x7402 // c20274
0x0000000000079025 : ret 0x7404 // c20474
0x000000000006c373 : ret 0x7408 // c20874
0x000000000006a27d : ret 0x7420 // c22074
0x000000000004a97c : ret 0x7440 // c24074
0x000000000004a961 : ret 0x7450 // c25074
0x000000000008bf73 : ret 0x74e9 // c2e974
0x00000000000b6687 : ret 0x7500 // c20075
0x000000000003792f : ret 0x7501 // c20175
0x0000000000079a28 : ret 0x7502 // c20275
0x000000000008fa41 : ret 0x7504 // c20475
0x000000000010381f : ret 0x7507 // c20775
0x000000000008fa46 : ret 0x7508 // c20875
0x0000000000076855 : ret 0x750f // c20f75
0x000000000014760b : ret 0x7510 // c21075
0x0000000000147618 : ret 0x7520 // c22075
0x00000000000c511b : ret 0x7540 // c24075
0x00000000000c2547 : ret 0x7580 // c28075
0x0000000000106c9d : ret 0x75df // c2df75
0x00000000000de807 : ret 0x7673 // c27376
0x0000000000144402 : ret 0x7677 // c27776
0x0000000000022b43 : ret 0x774 // c27407
0x0000000000042592 : ret 0x777 // c27707
0x0000000000098f1b : ret 0x78e9 // c2e978
0x0000000000002efc : ret 0x793b // c23b79
0x00000000000b9789 : ret 0x7974 // c27479
0x00000000000328d5 : ret 0x7c7 // c2c707
0x0000000000083812 : ret 0x7e20 // c2207e
0x00000000000dbf53 : ret 0x7e8 // c2e807
0x000000000007ee1c : ret 0x7f10 // c2107f
0x000000000005444c : ret 0x7f3c // c23c7f
0x000000000013165e : ret 0x80 // c28000
0x000000000007fff9 : ret 0x8000 // c20080
0x0000000000038f82 : ret 0x8001 // c20180
0x00000000000ab392 : ret 0x8010 // c21080
0x00000000000e2722 : ret 0x8041 // c24180
0x0000000000094c3d : ret 0x8072 // c27280
0x00000000000fed59 : ret 0x8080 // c28080
0x00000000000038c0 : ret 0x80fc // c2fc80
0x00000000001024d2 : ret 0x8103 // c20381
0x00000000000c9b99 : ret 0x813b // c23b81
0x00000000000a8059 : ret 0x8141 // c24181
0x000000000003fc96 : ret 0x8148 // c24881
0x00000000000adeff : ret 0x8166 // c26681
0x0000000000094c57 : ret 0x820f // c20f82
0x0000000000070121 : ret 0x82eb // c2eb82
0x000000000001ff83 : ret 0x8301 // c20183
0x0000000000102809 : ret 0x8303 // c20383
0x00000000000cc512 : ret 0x8304 // c20483
0x000000000008c675 : ret 0x8305 // c20583
0x00000000000ca642 : ret 0x8308 // c20883
0x0000000000055735 : ret 0x830f // c20f83
0x000000000001fd0e : ret 0x8341 // c24183
0x00000000000235bc : ret 0x8348 // c24883
0x000000000003c21a : ret 0x8349 // c24983
0x000000000011eb62 : ret 0x8380 // c28083
0x0000000000068c74 : ret 0x8389 // c28983
0x00000000000ba927 : ret 0x8401 // c20184
0x000000000002ab85 : ret 0x840f // c20f84
0x0000000000098e86 : ret 0x8444 // c24484
0x00000000000ccfdb : ret 0x84c6 // c2c684
0x000000000004e795 : ret 0x8504 // c20485
0x000000000002ac9d : ret 0x850f // c20f85
0x000000000003f7b1 : ret 0x8539 // c23985
0x000000000003787d : ret 0x8545 // c24585
0x000000000005849d : ret 0x8548 // c24885
0x000000000004165e : ret 0x854d // c24d85
0x00000000000b3894 : ret 0x8575 // c27585
0x00000000000d39eb : ret 0x8589 // c28985
0x00000000000db388 : ret 0x85b8 // c2b885
0x00000000000f413a : ret 0x85c7 // c2c785
0x0000000000028432 : ret 0x860f // c20f86
0x00000000000d4486 : ret 0x8675 // c27586
0x0000000000024b05 : ret 0x86e9 // c2e986
0x0000000000033166 : ret 0x870f // c20f87
0x0000000000157e1e : ret 0x871e // c21e87
0x000000000004cc08 : ret 0x875 // c27508
0x0000000000083925 : ret 0x876 // c27608
0x00000000000e10d3 : ret 0x87e8 // c2e887
0x00000000000230a6 : ret 0x8801 // c20188
0x000000000010c766 : ret 0x8802 // c20288
0x00000000000236c6 : ret 0x8804 // c20488
0x000000000008ca55 : ret 0x880f // c20f88
0x000000000008d6ca : ret 0x8840 // c24088
0x00000000000025bc : ret 0x88ad // c2ad88
0x0000000000023fba : ret 0x8901 // c20189
0x00000000000559db : ret 0x8908 // c20889
0x00000000000eba15 : ret 0x8940 // c24089
0x000000000008bea2 : ret 0x8941 // c24189
0x000000000007ac3f : ret 0x8944 // c24489
0x000000000009e75b : ret 0x8945 // c24589
0x0000000000022d52 : ret 0x8948 // c24889
0x000000000002471a : ret 0x8949 // c24989
0x000000000001fea1 : ret 0x894c // c24c89
0x0000000000037c43 : ret 0x894d // c24d89
0x0000000000042e2b : ret 0x894e // c24e89
0x0000000000036c10 : ret 0x8966 // c26689
0x000000000008348a : ret 0x8a04 // c2048a
0x000000000000255b : ret 0x8a4c // c24c8a
0x0000000000100579 : ret 0x8aeb // c2eb8a
0x000000000009ab07 : ret 0x8b04 // c2048b
0x000000000002bcce : ret 0x8b05 // c2058b
0x00000000000c7238 : ret 0x8b10 // c2108b
0x000000000015a64e : ret 0x8b36 // c2368b
0x00000000000caebf : ret 0x8b43 // c2438b
0x00000000000406cd : ret 0x8b44 // c2448b
0x0000000000024b29 : ret 0x8b48 // c2488b
0x000000000006d68e : ret 0x8b49 // c2498b
0x0000000000042dae : ret 0x8b4a // c24a8b
0x000000000002c77b : ret 0x8b4c // c24c8b
0x00000000000d0ba3 : ret 0x8b4d // c24d8b
0x0000000000067ca8 : ret 0x8b64 // c2648b
0x00000000000777fe : ret 0x8b90 // c2908b
0x000000000008dd5b : ret 0x8beb // c2eb8b
0x00000000000ad71c : ret 0x8c0f // c20f8c
0x00000000000037c6 : ret 0x8cba // c2ba8c
0x000000000008da6b : ret 0x8d01 // c2018d
0x00000000000656a7 : ret 0x8d04 // c2048d
0x000000000004bb9a : ret 0x8d0f // c20f8d
0x00000000000a80c5 : ret 0x8d41 // c2418d
0x00000000000226d2 : ret 0x8d48 // c2488d
0x000000000002e052 : ret 0x8d49 // c2498d
0x0000000000042379 : ret 0x8d4a // c24a8d
0x000000000002ac25 : ret 0x8d4b // c24b8d
0x000000000002299f : ret 0x8d4c // c24c8d
0x000000000007689c : ret 0x8d4d // c24d8d
0x0000000000079970 : ret 0x8d4e // c24e8d
0x0000000000032510 : ret 0x8d74 // c2748d
0x0000000000044b5f : ret 0x8d89 // c2898d
0x000000000002708d : ret 0x8e0f // c20f8e
0x000000000005d07a : ret 0x8ee // c2ee08
0x00000000000d1535 : ret 0x8ee9 // c2e98e
0x0000000000052b89 : ret 0x8f0f // c20f8f
0x00000000000c1a0b : ret 0x8feb // c2eb8f
0x0000000000174828 : ret 0x900e // c20e90
0x000000000002622c : ret 0x901 // c20109
0x000000000002bb9d : ret 0x90c3 // c2c390
0x000000000008b33a : ret 0x90e9 // c2e990
0x00000000000d0109 : ret 0x91e8 // c2e891
0x0000000000116d07 : ret 0x91eb // c2eb91
0x00000000000726bb : ret 0x938b // c28b93
0x000000000007d3c8 : ret 0x93be // c2be93
0x0000000000106587 : ret 0x93c // c23c09
0x000000000004ce50 : ret 0x940f // c20f94
0x00000000000390ad : ret 0x941 // c24109
0x0000000000032497 : ret 0x948 // c24809
0x00000000000824f8 : ret 0x94c // c24c09
0x000000000005ee87 : ret 0x94e9 // c2e994
0x000000000003c06f : ret 0x950f // c20f95
0x00000000000f4b39 : ret 0x952b // c22b95
0x000000000002e68c : ret 0x953d // c23d95
0x0000000000159473 : ret 0x9576 // c27695
0x00000000000bea75 : ret 0x9589 // c28995
0x000000000008c9b9 : ret 0x95eb // c2eb95
0x00000000000dd17f : ret 0x970f // c20f97
0x00000000000037a8 : ret 0x975 // c27509
0x00000000000df8c3 : ret 0x97e8 // c2e897
0x000000000003db90 : ret 0x9848 // c24898
0x000000000007e885 : ret 0x9874 // c27498
0x00000000000768e3 : ret 0x9a75 // c2759a
0x0000000000094c20 : ret 0x9d72 // c2729d
0x000000000003ef03 : ret 0x9d74 // c2749d
0x000000000006ad01 : ret 0x9deb // c2eb9d
0x000000000011c808 : ret 0x9e0f // c20f9e
0x000000000002214a : ret 0x9e9 // c2e909
0x00000000000a8ff8 : ret 0x9eb // c2eb09
0x00000000000b44ef : ret 0x9ee9 // c2e99e
0x0000000000040cc1 : ret 0x9fe9 // c2e99f
0x000000000006ab78 : ret 0x9feb // c2eb9f
0x00000000000a02ef : ret 0xa // c20a00
0x000000000006efec : ret 0xa0eb // c2eba0
0x00000000000ee8ea : ret 0xa375 // c275a3
0x00000000000cd710 : ret 0xa3eb // c2eba3
0x0000000000159163 : ret 0xa514 // c214a5
0x00000000000fb7c0 : ret 0xa575 // c275a5
0x000000000010969f : ret 0xa74 // c2740a
0x00000000000fa156 : ret 0xa775 // c275a7
0x00000000000cc5b2 : ret 0xa7c // c27c0a
0x00000000000e99b3 : ret 0xa7e8 // c2e8a7
0x000000000007c719 : ret 0xa7e9 // c2e9a7
0x00000000000e6d4f : ret 0xabe // c2be0a
0x00000000001595e7 : ret 0xac65 // c265ac
0x0000000000159fa4 : ret 0xacfc // c2fcac
0x00000000000b2c5f : ret 0xaed // c2ed0a
0x00000000000dea3b : ret 0xafe9 // c2e9af
0x000000000010aa1a : ret 0xb0 // c2b000
0x00000000000ecef5 : ret 0xb075 // c275b0
0x000000000002bec7 : ret 0xb0e9 // c2e9b0
0x000000000010c06a : ret 0xb2 // c2b200
0x0000000000055513 : ret 0xb373 // c273b3
0x00000000001089bc : ret 0xb374 // c274b3
0x00000000000b4f72 : ret 0xb375 // c275b3
0x00000000000b4de1 : ret 0xb475 // c275b4
0x000000000004c886 : ret 0xb5e9 // c2e9b5
0x000000000002d283 : ret 0xb60f // c20fb6
0x00000000000ac6a7 : ret 0xb67d // c27db6
0x000000000009c7c8 : ret 0xb6e9 // c2e9b6
0x0000000000032a45 : ret 0xb70f // c20fb7
0x00000000000dd72c : ret 0xb74 // c2740b
0x000000000007114c : ret 0xb76 // c2760b
0x00000000000dc0a3 : ret 0xb7e8 // c2e8b7
0x00000000000326e3 : ret 0xb8 // c2b800
0x0000000000032311 : ret 0xb848 // c248b8
0x0000000000080381 : ret 0xb8c3 // c2c3b8
0x000000000008df76 : ret 0xb901 // c201b9
0x00000000000b89b0 : ret 0xb941 // c241b9
0x00000000001594ae : ret 0xb9b9 // c2b9b9
0x0000000000003199 : ret 0xba88 // c288ba
0x00000000000b4e97 : ret 0xbb // c2bb00
0x00000000000d7a04 : ret 0xbc41 // c241bc
0x000000000004d169 : ret 0xbcd9 // c2d9bc
0x0000000000002488 : ret 0xbd07 // c207bd
0x0000000000044b6f : ret 0xbd89 // c289bd
0x000000000005ab59 : ret 0xbe08 // c208be
0x0000000000159204 : ret 0xbe57 // c257be
0x00000000000f1c0f : ret 0xbeb // c2eb0b
0x000000000005b158 : ret 0xbf08 // c208bf
0x000000000003581a : ret 0xbfc // c2fc0b
0x000000000009d572 : ret 0xc // c20c00
0x000000000007feb9 : ret 0xc000 // c200c0
0x000000000004ba73 : ret 0xc031 // c231c0
0x0000000000044b3c : ret 0xc041 // c241c0
0x00000000001868a4 : ret 0xc044 // c244c0
0x0000000000041cd5 : ret 0xc07f // c27fc0
0x000000000008453a : ret 0xc083 // c283c0
0x00000000000e4c38 : ret 0xc084 // c284c0
0x00000000000824c5 : ret 0xc085 // c285c0
0x00000000000c456c : ret 0xc141 // c241c1
0x00000000000200d6 : ret 0xc148 // c248c1
0x0000000000023fa1 : ret 0xc149 // c249c1
0x000000000004cf2e : ret 0xc166 // c266c1
0x000000000002f1b4 : ret 0xc189 // c289c1
0x0000000000002e0e : ret 0xc1bb // c2bbc1
0x00000000000e1199 : ret 0xc1e8 // c2e8c1
0x00000000000de1ad : ret 0xc1eb // c2ebc1
0x0000000000041552 : ret 0xc221 // c221c2
0x0000000000036454 : ret 0xc229 // c229c2
0x00000000000365f0 : ret 0xc269 // c269c2
0x00000000000af500 : ret 0xc26b // c26bc2
0x000000000007ac7b : ret 0xc275 // c275c2
0x00000000000da091 : ret 0xc283 // c283c2
0x00000000001453e4 : ret 0xc2b2 // c2b2c2
0x000000000006c6e8 : ret 0xc2e8 // c2e8c2
0x0000000000035f98 : ret 0xc35b // c25bc3
0x0000000000028855 : ret 0xc389 // c289c3
0x000000000008b2fe : ret 0xc3f3 // c2f3c3
0x00000000000ddcbc : ret 0xc3f6 // c2f6c3
0x00000000001570a2 : ret 0xc4c3 // c2c3c4
0x0000000000158db8 : ret 0xc4ff // c2ffc4
0x00000000000e296d : ret 0xc6 // c2c600
0x00000000000b8d65 : ret 0xc610 // c210c6
0x00000000000c9844 : ret 0xc6e8 // c2e8c6
0x000000000010dcb6 : ret 0xc707 // c207c7
0x0000000000052e22 : ret 0xc71e // c21ec7
0x00000000001044cb : ret 0xc741 // c241c7
0x0000000000034621 : ret 0xc748 // c248c7
0x0000000000099481 : ret 0xc75 // c2750c
0x000000000004fc83 : ret 0xc789 // c289c7
0x00000000000c221e : ret 0xc790 // c290c7
0x00000000000b8293 : ret 0xc7e8 // c2e8c7
0x000000000004c8b3 : ret 0xc7e9 // c2e9c7
0x00000000000d4de9 : ret 0xc889 // c289c8
0x0000000000118662 : ret 0xc89 // c2890c
0x0000000000038017 : ret 0xc8b // c28b0c
0x00000000000ca1f7 : ret 0xc931 // c231c9
0x0000000000040300 : ret 0xc985 // c285c9
0x000000000007e8f6 : ret 0xc9ff // c2ffc9
0x000000000001fed8 : ret 0xca21 // c221ca
0x0000000000125d00 : ret 0xca39 // c239ca
0x000000000007cff1 : ret 0xcb8 // c2b80c
0x00000000000e439f : ret 0xcbe8 // c2e8cb
0x00000000000e01a5 : ret 0xcc80 // c280cc
0x000000000015884a : ret 0xcca7 // c2a7cc
0x000000000015a92d : ret 0xcd11 // c211cd
0x0000000000094bf0 : ret 0xcd72 // c272cd
0x00000000000db1e6 : ret 0xcd77 // c277cd
0x00000000000e4d4c : ret 0xcdbb // c2bbcd
0x00000000000aea42 : ret 0xcdeb // c2ebcd
0x000000000002fce8 : ret 0xce80 // c280ce
0x00000000000445c1 : ret 0xce89 // c289ce
0x00000000000f2e2c : ret 0xcee8 // c2e8ce
0x000000000003b57a : ret 0xd // c20d00
0x00000000000be310 : ret 0xd008 // c208d0
0x00000000000a9a33 : ret 0xd009 // c209d0
0x00000000000b959a : ret 0xd029 // c229d0
0x000000000003062f : ret 0xd089 // c289d0
0x00000000000d3411 : ret 0xd101 // c201d1
0x00000000000cec26 : ret 0xd108 // c208d1
0x00000000000d4c50 : ret 0xd120 // c220d1
0x00000000000a6d8e : ret 0xd121 // c221d1
0x00000000000a84f7 : ret 0xd138 // c238d1
0x00000000000c4573 : ret 0xd141 // c241d1
0x0000000000032743 : ret 0xd189 // c289d1
0x00000000000e9e89 : ret 0xd1e8 // c2e8d1
0x00000000000c645d : ret 0xd201 // c201d2
0x00000000000319a5 : ret 0xd231 // c231d2
0x000000000006126b : ret 0xd274 // c274d2
0x000000000002031e : ret 0xd284 // c284d2
0x000000000008e9b0 : ret 0xd308 // c208d3
0x0000000000056702 : ret 0xd329 // c229d3
0x00000000000379fd : ret 0xd348 // c248d3
0x00000000000d3718 : ret 0xd4e9 // c2e9d4
0x0000000000033d42 : ret 0xd521 // c221d5
0x000000000000089a : ret 0xd5a4 // c2a4d5
0x00000000000b2241 : ret 0xd629 // c229d6
0x00000000000398c1 : ret 0xd689 // c289d6
0x0000000000034e64 : ret 0xd6e8 // c2e8d6
0x00000000000e72a6 : ret 0xd74 // c2740d
0x00000000000ae527 : ret 0xd889 // c289d8
0x000000000015a3c5 : ret 0xd8f // c28f0d
0x00000000000dbd00 : ret 0xd8f7 // c2f7d8
0x00000000000f5714 : ret 0xd975 // c275d9
0x00000000000f57e3 : ret 0xda75 // c275da
0x0000000000098f0a : ret 0xda89 // c289da
0x00000000000a6eb1 : ret 0xdae9 // c2e9da
0x0000000000032a41 : ret 0xdaf7 // c2f7da
0x00000000000a78a1 : ret 0xdc00 // c200dc
0x000000000015a4a6 : ret 0xdcd9 // c2d9dc
0x0000000000159422 : ret 0xde5d // c25dde
0x000000000003fc6d : ret 0xde8 // c2e80d
0x00000000001581b1 : ret 0xde9e // c29ede
0x000000000011309e : ret 0xdf75 // c275df
0x0000000000116d8e : ret 0xdf89 // c289df
0x0000000000004939 : ret 0xe // c20e00
0x000000000007fd79 : ret 0xe000 // c200e0
0x00000000001475c9 : ret 0xe074 // c274e0
0x0000000000103e76 : ret 0xe075 // c275e0
0x00000000001109a5 : ret 0xe078 // c278e0
0x000000000002581e : ret 0xe083 // c283e0
0x000000000006db65 : ret 0xe174 // c274e1
0x00000000000d5216 : ret 0xe1e9 // c2e9e1
0x00000000000f09b4 : ret 0xe1ff // c2ffe1
0x0000000000031744 : ret 0xe281 // c281e2
0x00000000000262bd : ret 0xe283 // c283e2
0x0000000000061b88 : ret 0xe2e8 // c2e8e2
0x00000000000aeb6e : ret 0xe2ff // c2ffe2
0x00000000000c8d0a : ret 0xe375 // c275e3
0x00000000000c3460 : ret 0xe574 // c274e5
0x000000000008ab10 : ret 0xe575 // c275e5
0x00000000000cc575 : ret 0xe5e8 // c2e8e5
0x000000000004cc87 : ret 0xe680 // c280e6
0x000000000004cced : ret 0xe683 // c283e6
0x000000000015a5c6 : ret 0xe71f // c21fe7
0x000000000008dfcf : ret 0xe775 // c275e7
0x000000000004eb56 : ret 0xe783 // c283e7
0x00000000000e1073 : ret 0xe7e8 // c2e8e7
0x0000000000030573 : ret 0xe801 // c201e8
0x000000000010214a : ret 0xe841 // c241e8
0x000000000004cf15 : ret 0xe875 // c275e8
0x000000000004ba95 : ret 0xe87f // c27fe8
0x000000000009b772 : ret 0xe883 // c283e8
0x00000000000ca024 : ret 0xe8c0 // c2c0e8
0x00000000000e7776 : ret 0xe8c1 // c2c1e8
0x000000000002d6c2 : ret 0xe901 // c201e9
0x000000000002d6d7 : ret 0xe902 // c202e9
0x0000000000041dbd : ret 0xe908 // c208e9
0x0000000000122456 : ret 0xe910 // c210e9
0x00000000000a0ad0 : ret 0xe940 // c240e9
0x0000000000024afc : ret 0xe95b // c25be9
0x0000000000158927 : ret 0xe970 // c270e9
0x00000000000f6884 : ret 0xe975 // c275e9
0x000000000007cdc2 : ret 0xe99 // c2990e
0x00000000000cada1 : ret 0xea75 // c275ea
0x000000000009909a : ret 0xea81 // c281ea
0x0000000000044b55 : ret 0xeac0 // c2c0ea
0x00000000000c3792 : ret 0xeac1 // c2c1ea
0x00000000000d548a : ret 0xead1 // c2d1ea
0x00000000000a6659 : ret 0xeb01 // c201eb
0x00000000000c7695 : ret 0xeb02 // c202eb
0x000000000002ee83 : ret 0xeb04 // c204eb
0x0000000000041dd5 : ret 0xeb08 // c208eb
0x0000000000120496 : ret 0xeb10 // c210eb
0x00000000000ef532 : ret 0xeb73 // c273eb
0x000000000008df5a : ret 0xeb75 // c275eb
0x000000000008e704 : ret 0xeb77 // c277eb
0x00000000000c7b72 : ret 0xeb7f // c27feb
0x000000000015b0d8 : ret 0xec2 // c2c20e
0x0000000000038f90 : ret 0xed75 // c275ed
0x00000000000d7a7d : ret 0xed85 // c285ed
0x00000000000a668b : ret 0xee72 // c272ee
0x00000000000a54ba : ret 0xee75 // c275ee
0x00000000000d881c : ret 0xee9 // c2e90e
0x000000000010c59c : ret 0xeee8 // c2e8ee
0x000000000015ad7a : ret 0xef32 // c232ef
0x0000000000041f5e : ret 0xef75 // c275ef
0x000000000008d2aa : ret 0xef77 // c277ef
0x000000000006594e : ret 0xf // c20f00
0x000000000007fc39 : ret 0xf000 // c200f0
0x0000000000026bc2 : ret 0xf01 // c2010f
0x000000000015c004 : ret 0xf018 // c218f0
0x0000000000076799 : ret 0xf02 // c2020f
0x00000000000c29d0 : ret 0xf039 // c239f0
0x0000000000066675 : ret 0xf04 // c2040f
0x000000000003da1d : ret 0xf075 // c275f0
0x00000000000501ae : ret 0xf08 // c2080f
0x0000000000043bc3 : ret 0xf089 // c289f0
0x0000000000113e72 : ret 0xf0ba // c2baf0
0x00000000000786d0 : ret 0xf0f // c20f0f
0x00000000000516d9 : ret 0xf10 // c2100f
0x00000000000a62bd : ret 0xf175 // c275f1
0x000000000007aeb4 : ret 0xf177 // c277f1
0x00000000000c248c : ret 0xf17f // c27ff1
0x000000000008f1dc : ret 0xf188 // c288f1
0x000000000002ae99 : ret 0xf1e8 // c2e8f1
0x0000000000100d6a : ret 0xf1eb // c2ebf1
0x000000000008fa54 : ret 0xf20 // c2200f
0x00000000001037ef : ret 0xf221 // c221f2
0x00000000000c5cf1 : ret 0xf35b // c25bf3
0x000000000010349a : ret 0xf375 // c275f3
0x00000000000501e0 : ret 0xf40 // c2400f
0x0000000000037a2f : ret 0xf41 // c2410f
0x00000000000cbbe1 : ret 0xf44 // c2440f
0x0000000000082bf9 : ret 0xf475 // c275f4
0x0000000000023aff : ret 0xf48 // c2480f
0x000000000001ffdf : ret 0xf4c // c24c0f
0x000000000015e340 : ret 0xf536 // c236f5
0x00000000000c3c72 : ret 0xf5bc // c2bcf5
0x0000000000056ac0 : ret 0xf601 // c201f6
0x00000000000802a2 : ret 0xf631 // c231f6
0x000000000004d577 : ret 0xf640 // c240f6
0x000000000007ebd9 : ret 0xf66 // c2660f
0x0000000000025a5a : ret 0xf685 // c285f6
0x000000000004163e : ret 0xf741 // c241f7
0x000000000003050a : ret 0xf748 // c248f7
0x0000000000042578 : ret 0xf749 // c249f7
0x000000000008e46b : ret 0xf76 // c2760f
0x00000000000f0672 : ret 0xf789 // c289f7
0x00000000000a714a : ret 0xf793 // c293f7
0x00000000000f4208 : ret 0xf7e // c27e0f
0x00000000000c5ef7 : ret 0xf80 // c2800f
0x0000000000025053 : ret 0xf800 // c200f8
0x00000000000e354a : ret 0xf835 // c235f8
0x0000000000158090 : ret 0xf869 // c269f8
0x000000000009ba58 : ret 0xf883 // c283f8
0x0000000000075fb3 : ret 0xf8b // c28b0f
0x00000000000e351a : ret 0xf8b9 // c2b9f8
0x0000000000106f70 : ret 0xf980 // c280f9
0x00000000000552c3 : ret 0xf983 // c283f9
0x00000000000afa60 : ret 0xfa29 // c229fa
0x000000000003941e : ret 0xfa81 // c281fa
0x0000000000069236 : ret 0xfa83 // c283fa
0x00000000000aeb12 : ret 0xfae9 // c2e9fa
0x00000000000d128a : ret 0xfaf3 // c2f3fa
0x000000000006fbba : ret 0xfafc // c2fcfa
0x0000000000107d6a : ret 0xfb11 // c211fb
0x00000000000626ba : ret 0xfbd1 // c2d1fb
0x00000000000c5dca : ret 0xfbe0 // c2e0fb
0x000000000011e9da : ret 0xfbe5 // c2e5fb
0x000000000007f9b9 : ret 0xfc00 // c200fc
0x00000000000e3a8f : ret 0xfc07 // c207fc
0x00000000000826ea : ret 0xfc3 // c2c30f
0x000000000016a954 : ret 0xfc89 // c289fc
0x000000000016a754 : ret 0xfc93 // c293fc
0x000000000016ae5c : ret 0xfcae // c2aefc
0x000000000016ac4c : ret 0xfcba // c2bafc
0x00000000000b083a : ret 0xfd3a // c23afd
0x0000000000054b0a : ret 0xfd73 // c273fd
0x00000000000732b7 : ret 0xfd81 // c281fd
0x0000000000098de8 : ret 0xfd83 // c283fd
0x000000000007f879 : ret 0xfe00 // c200fe
0x00000000000552e3 : ret 0xfe83 // c283fe
0x00000000000d48b4 : ret 0xfe9 // c2e90f
0x0000000000032a4d : ret 0xfeb8 // c2b8fe
0x000000000010c58c : ret 0xfee8 // c2e8fe
0x000000000007f739 : ret 0xff00 // c200ff
0x000000000003ee35 : ret 0xff2 // c2f20f
0x00000000000a4ed8 : ret 0xff25 // c225ff
0x000000000008f63a : ret 0xff3 // c2f30f
0x000000000007e1f5 : ret 0xff31 // c231ff
0x000000000007e834 : ret 0xff48 // c248ff
0x00000000000cca2a : ret 0xff68 // c268ff
0x000000000007f5f9 : ret 0xff80 // c280ff
0x000000000010609d : ret 0xff81 // c281ff
0x000000000005a9b2 : ret 0xffa9 // c2a9ff
0x000000000008910a : ret 0xffad // c2adff
0x0000000000061caa : ret 0xffb6 // c2b6ff
0x000000000006d21c : ret 0xffb8 // c2b8ff
0x000000000003c759 : ret 0xffbf // c2bfff
0x000000000007f4b9 : ret 0xffc0 // c2c0ff
0x0000000000079cb9 : ret 0xffdf // c2dfff
0x0000000000062a6b : ret 0xffe0 // c2e0ff
0x00000000000d7a4a : ret 0xffe7 // c2e7ff
0x000000000004679c : ret 0xffea // c2eaff
0x00000000000433ca : ret 0xffed // c2edff
0x0000000000036f92 : ret 0xffef // c2efff
0x000000000007f239 : ret 0xfff0 // c2f0ff
0x000000000002f671 : ret 0xfff1 // c2f1ff
0x00000000000f368e : ret 0xfff2 // c2f2ff
0x00000000000e36dd : ret 0xfff3 // c2f3ff
0x000000000004ad2d : ret 0xfff5 // c2f5ff
0x00000000000312ed : ret 0xfff6 // c2f6ff
0x00000000000f38cc : ret 0xfff7 // c2f7ff
0x000000000007f0f9 : ret 0xfff8 // c2f8ff
0x0000000000077fc3 : ret 0xfff9 // c2f9ff
0x0000000000030f9a : ret 0xfffa // c2faff
0x0000000000045059 : ret 0xfffb // c2fbff
0x000000000003121e : ret 0xfffc // c2fcff
0x00000000000308e2 : ret 0xfffd // c2fdff
0x00000000000269e5 : ret 0xfffe // c2feff
0x000000000002bb95 : ret 0xffff // c2ffff
0x0000000000026215 : ret 1 // c20100
0x0000000000004ab9 : ret 2 // c20200
0x00000000000011c8 : ret 3 // c20300
0x0000000000007600 : ret 4 // c20400
0x000000000004007a : ret 5 // c20500
0x0000000000008581 : ret 6 // c20600
0x00000000000018c4 : ret 7 // c20700
0x000000000005ff0d : ret 8 // c20800
0x000000000002befa : ret 9 // c20900
0x0000000000000766 : retf // cb
0x000000000002f769 : retf -0x10 // caf0ff
0x000000000006bfa6 : retf -0x108b // ca75ef
0x00000000000a57af : retf -0x118b // ca75ee
0x000000000011999d : retf -0x1218 // cae8ed
0x000000000014996a : retf -0x12a1 // ca5fed
0x0000000000032acb : retf -0x12d // cad3fe
0x0000000000108b12 : retf -0x137 // cac9fe
0x00000000000a57f9 : retf -0x138e // ca72ec
0x00000000000568de : retf -0x14 // caecff
0x000000000004e8cc : retf -0x1401 // caffeb
0x000000000015ade1 : retf -0x1441 // cabfeb
0x00000000001585ed : retf -0x147d // ca83eb
0x00000000000c60c2 : retf -0x1481 // ca7feb
0x000000000003160e : retf -0x14f5 // ca0beb
0x00000000000313f6 : retf -0x14f9 // ca07eb
0x000000000003140b : retf -0x14fd // ca03eb
0x000000000016b241 : retf -0x15 // caebff
0x000000000007ed91 : retf -0x152d // cad3ea
0x00000000000f63d2 : retf -0x154 // caacfe
0x000000000011f153 : retf -0x1540 // cac0ea
0x000000000015a4cc : retf -0x156f // ca91ea
0x0000000000037eab : retf -0x158b // ca75ea
0x000000000000354c : retf -0x1612 // caeee9
0x00000000000e92a2 : retf -0x1648 // cab8e9
0x00000000000f7dec : retf -0x168b // ca75e9
0x0000000000031605 : retf -0x16f3 // ca0de9
0x0000000000031544 : retf -0x16f8 // ca08e9
0x0000000000031420 : retf -0x16fb // ca05e9
0x00000000000e92db : retf -0x1748 // cab8e8
0x000000000004ba5d : retf -0x1781 // ca7fe8
0x00000000000832d5 : retf -0x178b // ca75e8
0x0000000000089a4b : retf -0x1817 // cae9e7
0x0000000000158e86 : retf -0x18d2 // ca2ee7
0x00000000000f5c86 : retf -0x1948 // cab8e6
0x0000000000045b97 : retf -0x1989 // ca77e6
0x00000000000ac5d7 : retf -0x198b // ca75e6
0x0000000000039a0f : retf -0x1b // cae5ff
0x000000000015951c : retf -0x1b6a // ca96e4
0x00000000000843fc : retf -0x1b8b // ca75e4
0x0000000000026aa4 : retf -0x1c7d // ca83e3
0x00000000000664c1 : retf -0x1d01 // caffe2
0x00000000000260a8 : retf -0x1d7d // ca83e2
0x000000000010e202 : retf -0x1d7f // ca81e2
0x00000000000c4c82 : retf -0x1e7d // ca83e1
0x0000000000129523 : retf -0x1e8b // ca75e1
0x0000000000158f3e : retf -0x1eae // ca52e1
0x0000000000032c47 : retf -0x1f3 // ca0dfe
0x00000000000251dd : retf -0x1f7d // ca83e0
0x0000000000159493 : retf -0x2081 // ca7fdf
0x000000000005f125 : retf -0x2177 // ca89de
0x000000000015ae63 : retf -0x21b1 // ca4fde
0x00000000000ea612 : retf -0x2348 // cab8dc
0x000000000008d868 : retf -0x238e // ca72dc
0x0000000000079a36 : retf -0x268a // ca76d9
0x00000000001474e6 : retf -0x268b // ca75d9
0x00000000000e4802 : retf -0x2748 // cab8d8
0x0000000000110e42 : retf -0x275 // ca8bfd
0x000000000009c1cd : retf -0x27c7 // ca39d8
0x000000000005faa2 : retf -0x28 // cad8ff
0x000000000010c6fe : retf -0x2877 // ca89d7
0x000000000008d249 : retf -0x288e // ca72d7
0x00000000000aec32 : retf -0x2aa // ca56fd
0x0000000000110aa9 : retf -0x2aff // ca01d5
0x00000000000cfec7 : retf -0x2b1 // ca4ffd
0x00000000000c7f83 : retf -0x2c17 // cae9d3
0x000000000003955a : retf -0x2cb8 // ca48d3
0x00000000000c1564 : retf -0x2cc7 // ca39d3
0x000000000006214a : retf -0x2d // cad3ff
0x000000000002e717 : retf -0x2d77 // ca89d2
0x0000000000036465 : retf -0x2d7b // ca85d2
0x000000000008e723 : retf -0x2dcf // ca31d2
0x00000000001591c6 : retf -0x2e35 // cacbd1
0x000000000003224e : retf -0x2e77 // ca89d1
0x0000000000003d64 : retf -0x2f76 // ca8ad0
0x0000000000002cbe : retf -0x2fb1 // ca4fd0
0x00000000000450ba : retf -0x2fc7 // ca39d0
0x00000000000b0b6a : retf -0x3015 // caebcf
0x000000000004a25c : retf -0x30c7 // ca39cf
0x000000000006c4dc : retf -0x3118 // cae8ce
0x000000000004d140 : retf -0x3177 // ca89ce
0x00000000001570aa : retf -0x3335 // cacbcc
0x00000000000c4ec2 : retf -0x34 // caccff
0x000000000016ad38 : retf -0x344 // cabcfc
0x000000000016af2c : retf -0x34c // cab4fc
0x000000000016af34 : retf -0x34d // cab3fc
0x000000000016af3c : retf -0x34e // cab2fc
0x000000000016af44 : retf -0x34f // cab1fc
0x000000000016af4c : retf -0x350 // cab0fc
0x0000000000144f84 : retf -0x354e // cab2ca
0x00000000000f8a12 : retf -0x36 // cacaff
0x00000000000e50d1 : retf -0x3627 // cad9c9
0x000000000016a840 : retf -0x36b // ca95fc
0x0000000000079d92 : retf -0x37 // cac9ff
0x0000000000060803 : retf -0x3777 // ca89c8
0x000000000011bf42 : retf -0x37a // ca86fc
0x000000000011191e : retf -0x37f1 // ca0fc8
0x000000000001fea7 : retf -0x3801 // caffc7
0x00000000000e4d83 : retf -0x3c7d // ca83c3
0x00000000000e0774 : retf -0x3d09 // caf7c2
0x000000000007da99 : retf -0x3d15 // caebc2
0x000000000011ebea : retf -0x3d7d // ca83c2
0x00000000000ae2d8 : retf -0x3e0a // caf6c1
0x00000000000e7462 : retf -0x3e48 // cab8c1
0x00000000000824be : retf -0x3eb7 // ca49c1
0x00000000000322db : retf -0x3eb8 // ca48c1
0x000000000015a3dd : retf -0x3f02 // cafec0
0x00000000000e7582 : retf -0x3f48 // cab8c0
0x00000000000e03f8 : retf -0x3f7b // ca85c0
0x000000000008cb0a : retf -0x3f7d // ca83c0
0x000000000007328b : retf -0x3fcf // ca31c0
0x00000000000e7522 : retf -0x4048 // cab8bf
0x000000000015a75d : retf -0x40b5 // ca4bbf
0x0000000000003a6e : retf -0x40eb // ca15bf
0x00000000000e74f2 : retf -0x4148 // cab8be
0x000000000006d24a : retf -0x418b // ca75be
0x000000000011d662 : retf -0x41a // cae6fb
0x0000000000001f59 : retf -0x41cb // ca35be
0x00000000000e7612 : retf -0x4248 // cab8bd
0x00000000000e7672 : retf -0x4348 // cab8bc
0x000000000015a713 : retf -0x4466 // ca9abb
0x000000000000276a : retf -0x4567 // ca99ba
0x00000000000615dc : retf -0x46 // cabaff
0x00000000000892af : retf -0x46bf // ca41b9
0x000000000006c345 : retf -0x48 // cab8ff
0x000000000011c482 : retf -0x4948 // cab8b6
0x0000000000083c12 : retf -0x49f1 // ca0fb6
0x000000000011c432 : retf -0x4a48 // cab8b5
0x0000000000159409 : retf -0x4ae6 // ca1ab5
0x00000000000e95a2 : retf -0x4c48 // cab8b3
0x00000000000e9572 : retf -0x4d48 // cab8b2
0x0000000000058619 : retf -0x4e15 // caebb1
0x00000000000e9362 : retf -0x5048 // cab8af
0x0000000000070bf7 : retf -0x513 // caedfa
0x00000000000038ac : retf -0x513c // cac4ae
0x000000000015ac0e : retf -0x51ce // ca32ae
0x00000000000d2153 : retf -0x52d // cad3fa
0x00000000000365eb : retf -0x53f // cac1fa
0x000000000008c9aa : retf -0x5417 // cae9ab
0x000000000015a6bc : retf -0x54f3 // ca0dab
0x00000000000f3796 : retf -0x5780 // ca80a8
0x000000000008dee4 : retf -0x578d // ca73a8
0x000000000011eb56 : retf -0x57d // ca83fa
0x000000000010c708 : retf -0x57f // ca81fa
0x0000000000031180 : retf -0x580 // ca80fa
0x00000000000e9482 : retf -0x5a48 // cab8a5
0x000000000009d8c2 : retf -0x5b0 // ca50fa
0x00000000000033a5 : retf -0x5c0a // caf6a3
0x00000000000cfa32 : retf -0x5d // caa3ff
0x000000000015a5eb : retf -0x5d02 // cafea2
0x0000000000158565 : retf -0x5e15 // caeba1
0x000000000007cc8c : retf -0x5e8b // ca75a1
0x000000000015b005 : retf -0x5fe0 // ca20a0
0x00000000000e9542 : retf -0x6248 // cab89d
0x000000000015a6fa : retf -0x6283 // ca7d9d
0x00000000000635a2 : retf -0x63 // ca9dff
0x00000000001260cf : retf -0x63b // cac5f9
0x00000000000326b5 : retf -0x63f // cac1f9
0x00000000000f00ef : retf -0x6418 // cae89b
0x00000000000e8aa2 : retf -0x64d // cab3f9
0x000000000015a38b : retf -0x6620 // cae099
0x00000000000a6617 : retf -0x668b // ca7599
0x00000000000d7d35 : retf -0x680 // ca80f9
0x00000000000a3424 : retf -0x68c3 // ca3d97
0x00000000000efff5 : retf -0x6a18 // cae895
0x0000000000001e5c : retf -0x6a7e // ca8295
0x00000000000399a7 : retf -0x6af1 // ca0f95
0x00000000000637f2 : retf -0x6b // ca95ff
0x0000000000159fee : retf -0x6c5e // caa293
0x0000000000001be0 : retf -0x6c6a // ca9693
0x0000000000001d41 : retf -0x6dda // ca2692
0x000000000010efd6 : retf -0x6df1 // ca0f92
0x0000000000125edc : retf -0x6f8b // ca7590
0x000000000003301d : retf -0x6f9a // ca6690
0x0000000000125e21 : retf -0x70f1 // ca0f8f
0x000000000008bbab : retf -0x717 // cae9f8
0x00000000000251cf : retf -0x71f1 // ca0f8e
0x000000000008dd4b : retf -0x7217 // cae98d
0x0000000000118dd7 : retf -0x72b3 // ca4d8d
0x000000000006c112 : retf -0x72b4 // ca4c8d
0x0000000000121024 : retf -0x72b6 // ca4a8d
0x000000000004b8ea : retf -0x72b7 // ca498d
0x0000000000032ec8 : retf -0x72b8 // ca488d
0x00000000000a8c57 : retf -0x72bf // ca418d
0x00000000000c2215 : retf -0x72f1 // ca0f8d
0x000000000010a828 : retf -0x73f // cac1f8
0x000000000012e3c9 : retf -0x74b4 // ca4c8b
0x0000000000034b2d : retf -0x74b7 // ca498b
0x0000000000037d28 : retf -0x74b8 // ca488b
0x00000000000bebd2 : retf -0x74bd // ca438b
0x000000000002301a : retf -0x74bf // ca418b
0x00000000000ec18a : retf -0x74c0 // ca408b
0x000000000011f7c5 : retf -0x74f8 // ca088b
0x0000000000036606 : retf -0x7573 // ca8d8a
0x0000000000002460 : retf -0x75c1 // ca3f8a
0x00000000000dac1e : retf -0x7601 // caff89
0x00000000000c789c : retf -0x7615 // caeb89
0x0000000000026df9 : retf -0x769a // ca6689
0x00000000000e445b : retf -0x76b3 // ca4d89
0x000000000001fae5 : retf -0x76b4 // ca4c89
0x00000000000723e9 : retf -0x76b7 // ca4989
0x000000000002d749 : retf -0x76b8 // ca4889
0x0000000000025cd7 : retf -0x76bb // ca4589
0x000000000009ffb3 : retf -0x76bc // ca4489
0x0000000000036611 : retf -0x76bd // ca4389
0x0000000000024224 : retf -0x76bf // ca4189
0x000000000006ddff : retf -0x76e0 // ca2089
0x000000000007c988 : retf -0x76fe // ca0289
0x00000000000c35b3 : retf -0x77bf // ca4188
0x0000000000040359 : retf -0x77c0 // ca4088
0x00000000000c1b75 : retf -0x77fc // ca0488
0x00000000000cba16 : retf -0x7817 // cae987
0x0000000000003517 : retf -0x786e // ca9287
0x000000000006e320 : retf -0x78f1 // ca0f87
0x000000000005b1c3 : retf -0x79f1 // ca0f86
0x0000000000041711 : retf -0x7ab8 // ca4885
0x000000000001feda : retf -0x7abb // ca4585
0x000000000002c4db : retf -0x7af1 // ca0f85
0x0000000000020d9b : retf -0x7af8 // ca0885
0x00000000000749f1 : retf -0x7aff // ca0185
0x00000000000c9f5a : retf -0x7b3a // cac684
0x0000000000159690 : retf -0x7b7f // ca8184
0x0000000000031f06 : retf -0x7bf1 // ca0f84
0x000000000001ff5f : retf -0x7c01 // caff83
0x00000000000ffcb9 : retf -0x7c17 // cae983
0x0000000000091ba5 : retf -0x7cb7 // ca4983
0x000000000002125b : retf -0x7cb8 // ca4883
0x000000000001ff5c : retf -0x7cbf // ca4183
0x000000000003e1ef : retf -0x7cf1 // ca0f83
0x000000000002ace1 : retf -0x7df1 // ca0f82
0x000000000008ac09 : retf -0x7e18 // cae881
0x000000000000238f : retf -0x7e40 // cac081
0x00000000000ab5a9 : retf -0x7e9a // ca6681
0x00000000000fef82 : retf -0x7ea // ca16f8
0x0000000000132daa : retf -0x7eb8 // ca4881
0x000000000010e1af : retf -0x7ebf // ca4181
0x0000000000125dbc : retf -0x7f8b // ca7580
0x000000000017a0a2 : retf -0x7ff2 // ca0e80
0x00000000000007c7 : retf -0x7ffd // ca0380
0x00000000000c9c62 : retf -0x88 // ca78ff
0x000000000003925f : retf -0x8b8 // ca48f7
0x00000000000e6332 : retf -0x973 // ca8df6
0x00000000000ff1c2 : retf -0x98a // ca76f6
0x000000000011a382 : retf -0x99e // ca62f6
0x00000000000f1f17 : retf -0x9bf // ca41f6
0x00000000000459f5 : retf -0xa // caf6ff
0x00000000000d16f2 : retf -0xa4f // cab1f5
0x00000000000ca762 : retf -0xaaf // ca51f5
0x000000000015e35c : retf -0xabd // ca43f5
0x000000000005dac4 : retf -0xb // caf5ff
0x000000000008f2a2 : retf -0xb5 // ca4bff
0x00000000000f2cf2 : retf -0xc65 // ca9bf3
0x000000000011289a : retf -0xd // caf3ff
0x00000000000ced12 : retf -0xd6 // ca2aff
0x00000000000f1c23 : retf -0xd8b // ca75f2
0x00000000000ffe66 : retf -0xe // caf2ff
0x0000000000125ffd : retf -0xe3b // cac5f1
0x00000000001129f2 : retf -0xe62 // ca9ef1
0x000000000005abf5 : retf -0xf // caf1ff
0x00000000000cecbd : retf -0xf8e // ca72f0
0x0000000000022e7f : retf -1 // caffff
0x000000000003b844 : retf -2 // cafeff
0x000000000001ff8c : retf -3 // cafdff
0x0000000000045403 : retf -4 // cafcff
0x00000000000b4932 : retf -5 // cafbff
0x0000000000024bc5 : retf -6 // cafaff
0x000000000016f741 : retf -7 // caf9ff
0x000000000003d7ef : retf -8 // caf8ff
0x000000000001f34c : retf 0 // ca0000
0x0000000000007279 : retf 0x10 // ca1000
0x000000000010c504 : retf 0x1089 // ca8910
0x0000000000003a8a : retf 0x10bf // cabf10
0x00000000000056e9 : retf 0x11 // ca1100
0x0000000000047d52 : retf 0x1138 // ca3811
0x000000000004217d : retf 0x114d // ca4d11
0x00000000000d9edb : retf 0x11b8 // cab811
0x00000000000d9f3b : retf 0x12b8 // cab812
0x00000000000028a4 : retf 0x12c5 // cac512
0x0000000000024ccc : retf 0x13 // ca1300
0x000000000007e87a : retf 0x1373 // ca7313
0x000000000008eac0 : retf 0x1374 // ca7413
0x00000000000cdf3e : retf 0x1375 // ca7513
0x00000000000e95db : retf 0x13b8 // cab813
0x0000000000008b78 : retf 0x14 // ca1400
0x00000000000282b2 : retf 0x140f // ca0f14
0x00000000000274b2 : retf 0x141e // ca1e14
0x000000000006b49a : retf 0x148 // ca4801
0x0000000000023354 : retf 0x1489 // ca8914
0x000000000011b7ef : retf 0x149 // ca4901
0x000000000001a310 : retf 0x14b1 // cab114
0x00000000000e966b : retf 0x14b8 // cab814
0x000000000013153c : retf 0x14c // ca4c01
0x000000000008e95f : retf 0x1574 // ca7415
0x00000000000e039b : retf 0x15b8 // cab815
0x00000000000c0737 : retf 0x15eb // caeb15
0x0000000000050532 : retf 0x16 // ca1600
0x00000000000d2359 : retf 0x1674 // ca7416
0x000000000010d39c : retf 0x1689 // ca8916
0x00000000000e972b : retf 0x16b8 // cab816
0x000000000005df7b : retf 0x17 // ca1700
0x0000000000002d56 : retf 0x172 // ca7201
0x00000000000e15db : retf 0x17b8 // cab817
0x00000000000ca63c : retf 0x17eb // caeb17
0x000000000000289a : retf 0x182c // ca2c18
0x00000000000ac7be : retf 0x19 // ca1900
0x00000000000438fd : retf 0x194d // ca4d19
0x00000000000e94b2 : retf 0x19b8 // cab819
0x00000000000ac79c : retf 0x1a74 // ca741a
0x0000000000176aa9 : retf 0x1a9 // caa901
0x000000000010a759 : retf 0x1b74 // ca741b
0x00000000000b98d7 : retf 0x1b8 // cab801
0x0000000000082b5c : retf 0x1bb // cabb01
0x00000000000b549c : retf 0x1be // cabe01
0x00000000001545c8 : retf 0x1d4 // cad401
0x0000000000154d68 : retf 0x1d5 // cad501
0x00000000000c469d : retf 0x1de8 // cae81d
0x0000000000089a09 : retf 0x1deb // caeb1d
0x00000000000e97b2 : retf 0x1eb8 // cab81e
0x0000000000067dea : retf 0x1f0f // ca0f1f
0x00000000000b9779 : retf 0x1f74 // ca741f
0x00000000000f5e91 : retf 0x1f8 // caf801
0x00000000000d48cc : retf 0x1fe9 // cae91f
0x0000000000061e1a : retf 0x20 // ca2000
0x0000000000001eae : retf 0x20f4 // caf420
0x000000000003e369 : retf 0x21e8 // cae821
0x0000000000002cc2 : retf 0x2217 // ca1722
0x0000000000002270 : retf 0x2281 // ca8122
0x0000000000047572 : retf 0x23 // ca2300
0x0000000000002349 : retf 0x23c4 // cac423
0x00000000001535d8 : retf 0x24 // ca2400
0x000000000008dc8d : retf 0x2475 // ca7524
0x0000000000149b02 : retf 0x24fa // cafa24
0x0000000000067a64 : retf 0x25 // ca2500
0x0000000000149b1a : retf 0x250f // ca0f25
0x000000000007a712 : retf 0x2575 // ca7525
0x000000000005b86c : retf 0x2675 // ca7526
0x000000000011c414 : retf 0x27 // ca2700
0x000000000008d15d : retf 0x2775 // ca7527
0x00000000000e110b : retf 0x27b8 // cab827
0x000000000012c4a9 : retf 0x280f // ca0f28
0x000000000011b682 : retf 0x2832 // ca3228
0x000000000011b382 : retf 0x2835 // ca3528
0x00000000000dfc02 : retf 0x28b8 // cab828
0x0000000000010948 : retf 0x29 // ca2900
0x00000000000396ba : retf 0x2948 // ca4829
0x000000000003b6a0 : retf 0x2949 // ca4929
0x000000000003e636 : retf 0x294c // ca4c29
0x0000000000107722 : retf 0x296f // ca6f29
0x00000000000d7a74 : retf 0x2974 // ca7429
0x000000000005e4f7 : retf 0x2a // ca2a00
0x000000000015929c : retf 0x2a91 // ca912a
0x00000000000f5422 : retf 0x2a92 // ca922a
0x00000000000f5122 : retf 0x2a95 // ca952a
0x00000000000eefc2 : retf 0x2ad7 // cad72a
0x00000000000eb30a : retf 0x2b10 // ca102b
0x00000000000ed531 : retf 0x2b11 // ca112b
0x00000000000a5833 : retf 0x2b42 // ca422b
0x00000000000e9b32 : retf 0x2b4b // ca4b2b
0x00000000000df6aa : retf 0x2b97 // ca972b
0x0000000000025f63 : retf 0x2bb // cabb02
0x00000000000cc32c : retf 0x2c // ca2c00
0x000000000015871a : retf 0x2c90 // ca902c
0x00000000000e9e5b : retf 0x2cb8 // cab82c
0x00000000000bf424 : retf 0x2d // ca2d00
0x000000000007e860 : retf 0x2d73 // ca732d
0x000000000008d79f : retf 0x2d75 // ca752d
0x0000000000113c80 : retf 0x2d77 // ca772d
0x00000000000bf962 : retf 0x2d95 // ca952d
0x00000000000e90f2 : retf 0x2db8 // cab82d
0x0000000000035ab5 : retf 0x2e66 // ca662e
0x00000000000e9022 : retf 0x2eb8 // cab82e
0x000000000009b464 : retf 0x2f // ca2f00
0x00000000000a78f2 : retf 0x2f05 // ca052f
0x000000000006ba92 : retf 0x2f4 // caf402
0x00000000000aac7b : retf 0x2f74 // ca742f
0x00000000000f79a2 : retf 0x2f77 // ca772f
0x00000000000e9842 : retf 0x2fb8 // cab82f
0x000000000008be7d : retf 0x3075 // ca7530
0x000000000007c428 : retf 0x31 // ca3100
0x00000000000bd081 : retf 0x3102 // ca0231
0x00000000000bae8c : retf 0x3145 // ca4531
0x0000000000132dc6 : retf 0x3148 // ca4831
0x000000000010e1d1 : retf 0x314c // ca4c31
0x000000000015a505 : retf 0x3159 // ca5931
0x000000000001fcdd : retf 0x31ff // caff31
0x000000000000f760 : retf 0x32 // ca3200
0x00000000000cdece : retf 0x3275 // ca7532
0x000000000015a56d : retf 0x32dd // cadd32
0x0000000000070331 : retf 0x32e3 // cae332
0x000000000005c42b : retf 0x33 // ca3300
0x0000000000068a32 : retf 0x332c // ca2c33
0x0000000000066c22 : retf 0x333a // ca3a33
0x000000000010de12 : retf 0x334c // ca4c33
0x000000000010e02a : retf 0x334d // ca4d33
0x00000000000630aa : retf 0x335d // ca5d33
0x0000000000068131 : retf 0x3365 // ca6533
0x00000000000c22a1 : retf 0x337e // ca7e33
0x0000000000158e23 : retf 0x33e6 // cae633
0x00000000000564e6 : retf 0x348 // ca4803
0x000000000004bbc6 : retf 0x349 // ca4903
0x000000000004c8f6 : retf 0x34ed // caed34
0x0000000000028a90 : retf 0x3576 // ca7635
0x00000000000e9f42 : retf 0x35b8 // cab835
0x000000000003c1aa : retf 0x35cc // cacc35
0x000000000002c364 : retf 0x36 // ca3600
0x0000000000159351 : retf 0x3617 // ca1736
0x00000000000e9902 : retf 0x36b8 // cab836
0x000000000002de22 : retf 0x3708 // ca0837
0x0000000000029822 : retf 0x374e // ca4e37
0x0000000000132da2 : retf 0x377 // ca7703
0x00000000000e9932 : retf 0x37b8 // cab837
0x00000000000021cb : retf 0x3844 // ca4438
0x0000000000002d7a : retf 0x385b // ca5b38
0x0000000000089c03 : retf 0x3941 // ca4139
0x000000000010f38c : retf 0x3944 // ca4439
0x0000000000025fb1 : retf 0x3948 // ca4839
0x00000000000aae25 : retf 0x3949 // ca4939
0x0000000000094c1d : retf 0x394c // ca4c39
0x00000000000947e4 : retf 0x394d // ca4d39
0x00000000000422e4 : retf 0x3973 // ca7339
0x000000000005bee9 : retf 0x3b48 // ca483b
0x00000000000f0462 : retf 0x3b74 // ca743b
0x0000000000157989 : retf 0x3b9a // ca9a3b
0x00000000000260b6 : retf 0x3bb // cabb03
0x0000000000004a68 : retf 0x3c // ca3c00
0x000000000007accd : retf 0x3d83 // ca833d
0x000000000015a966 : retf 0x3d8a // ca8a3d
0x00000000000b80a2 : retf 0x3db8 // cab83d
0x000000000011b9e0 : retf 0x3e8 // cae803
0x00000000001581fb : retf 0x3ec // caec03
0x00000000000446c2 : retf 0x3f7 // caf703
0x0000000000000321 : retf 0x4244 // ca4442
0x000000000008f6ec : retf 0x4266 // ca6642
0x00000000000ea5e2 : retf 0x42b8 // cab842
0x00000000000a6187 : retf 0x42e9 // cae942
0x0000000000027623 : retf 0x4408 // ca0844
0x0000000000098a27 : retf 0x4466 // ca6644
0x000000000011fa2f : retf 0x4489 // ca8944
0x00000000000f91a5 : retf 0x44e9 // cae944
0x000000000002fd4d : retf 0x44f6 // caf644
0x00000000000d4af4 : retf 0x44ff // caff44
0x00000000000ea46b : retf 0x45b8 // cab845
0x00000000000ea4cb : retf 0x46b8 // cab846
0x000000000011e2a0 : retf 0x46c // ca6c04
0x000000000007e846 : retf 0x4773 // ca7347
0x0000000000066746 : retf 0x4800 // ca0048
0x00000000000795f6 : retf 0x4801 // ca0148
0x000000000007aee4 : retf 0x4802 // ca0248
0x0000000000031392 : retf 0x4804 // ca0448
0x00000000000313c4 : retf 0x4806 // ca0648
0x00000000000de14c : retf 0x4808 // ca0848
0x00000000000314a4 : retf 0x4809 // ca0948
0x00000000000315cf : retf 0x480a // ca0a48
0x00000000000314e0 : retf 0x480c // ca0c48
0x00000000000e4686 : retf 0x4840 // ca4048
0x00000000000df8f5 : retf 0x4853 // ca5348
0x000000000004a513 : retf 0x4864 // ca6448
0x000000000008377e : retf 0x4890 // ca9048
0x00000000000420f1 : retf 0x48f8 // caf848
0x00000000000d532f : retf 0x48ff // caff48
0x000000000005766f : retf 0x49 // ca4900
0x00000000000736d2 : retf 0x4980 // ca8049
0x0000000000001c27 : retf 0x49f2 // caf249
0x0000000000002df6 : retf 0x4a9a // ca9a4a
0x0000000000116af2 : retf 0x4af // caaf04
0x00000000000dc9e2 : retf 0x4b8 // cab804
0x0000000000026348 : retf 0x4bb // cabb04
0x00000000000a81ac : retf 0x4c01 // ca014c
0x000000000007c982 : retf 0x4c89 // ca894c
0x000000000000ece0 : retf 0x4d // ca4d00
0x000000000010e4b9 : retf 0x4d88 // ca884d
0x0000000000042148 : retf 0x4de8 // cae84d
0x000000000004215a : retf 0x4df0 // caf04d
0x000000000004216c : retf 0x4df8 // caf84d
0x00000000000c1b43 : retf 0x4e8b // ca8b4e
0x0000000000010df8 : retf 0x4f // ca4f00
0x00000000000036ac : retf 0x5038 // ca3850
0x00000000000d2cf2 : retf 0x5089 // ca8950
0x00000000000f5ce4 : retf 0x50f // ca0f05
0x00000000000e0378 : retf 0x52e8 // cae852
0x00000000000e0d84 : retf 0x5389 // ca8953
0x00000000000e1636 : retf 0x5441 // ca4154
0x000000000003eefd : retf 0x5489 // ca8954
0x00000000000026ac : retf 0x54da // cada54
0x0000000000002fb4 : retf 0x54f7 // caf754
0x0000000000001e74 : retf 0x559a // ca9a55
0x000000000007013d : retf 0x55e9 // cae955
0x00000000000c1b6d : retf 0x5689 // ca8956
0x00000000000f8b42 : retf 0x577 // ca7705
0x000000000009af50 : retf 0x57e9 // cae957
0x00000000000a6d27 : retf 0x5841 // ca4158
0x00000000000c925c : retf 0x59e9 // cae959
0x000000000002638f : retf 0x5bb // cabb05
0x000000000005ca2e : retf 0x5ce8 // cae85c
0x000000000008ad86 : retf 0x5d5b // ca5b5d
0x000000000002a322 : retf 0x60 // ca6000
0x000000000007e82c : retf 0x6173 // ca7361
0x000000000008de7d : retf 0x6275 // ca7562
0x000000000008d07b : retf 0x62e9 // cae962
0x0000000000001f24 : retf 0x6321 // ca2163
0x000000000008d11a : retf 0x6348 // ca4863
0x0000000000115ff1 : retf 0x6349 // ca4963
0x000000000008d8e4 : retf 0x634c // ca4c63
0x0000000000024e31 : retf 0x6411 // ca1164
0x000000000012c593 : retf 0x6601 // ca0166
0x000000000012c6e3 : retf 0x6602 // ca0266
0x000000000012c833 : retf 0x6603 // ca0366
0x000000000012c983 : retf 0x6604 // ca0466
0x000000000012cad3 : retf 0x6605 // ca0566
0x000000000012cc23 : retf 0x6606 // ca0666
0x000000000012cd73 : retf 0x6607 // ca0766
0x000000000012cec3 : retf 0x6608 // ca0866
0x000000000012d013 : retf 0x6609 // ca0966
0x000000000012d163 : retf 0x660a // ca0a66
0x000000000012d2b3 : retf 0x660b // ca0b66
0x000000000012d403 : retf 0x660c // ca0c66
0x000000000012d553 : retf 0x660d // ca0d66
0x000000000012d6a3 : retf 0x660e // ca0e66
0x000000000012d7f3 : retf 0x660f // ca0f66
0x000000000008bf63 : retf 0x66e9 // cae966
0x0000000000132dc1 : retf 0x676 // ca7606
0x000000000015a885 : retf 0x67ca // caca67
0x00000000000a8bf6 : retf 0x694d // ca4d69
0x0000000000026f5a : retf 0x6b8 // cab806
0x00000000000035f3 : retf 0x6b85 // ca856b
0x0000000000026638 : retf 0x6bb // cabb06
0x000000000005b91f : retf 0x6be8 // cae86b
0x0000000000027147 : retf 0x6de9 // cae96d
0x0000000000003ae8 : retf 0x6e33 // ca336e
0x0000000000158882 : retf 0x6ee8 // cae86e
0x000000000008dff0 : retf 0x7077 // ca7770
0x0000000000003837 : retf 0x707d // ca7d70
0x0000000000001cac : retf 0x7085 // ca8570
0x000000000008d7f2 : retf 0x7175 // ca7571
0x000000000008c193 : retf 0x71e9 // cae971
0x000000000015a746 : retf 0x7272 // ca7272
0x0000000000002504 : retf 0x736c // ca6c73
0x000000000008d7d1 : retf 0x7377 // ca7773
0x0000000000041607 : retf 0x74ff // caff74
0x0000000000159f1f : retf 0x76a5 // caa576
0x000000000006d454 : retf 0x775 // ca7507
0x000000000006c321 : retf 0x776 // ca7607
0x000000000009af30 : retf 0x77e9 // cae977
0x0000000000043836 : retf 0x77f // ca7f07
0x0000000000158da2 : retf 0x79f5 // caf579
0x00000000000cf615 : retf 0x7a80 // ca807a
0x0000000000089cb0 : retf 0x7ce9 // cae97c
0x000000000008dcb6 : retf 0x7f77 // ca777f
0x00000000000fda12 : retf 0x7f80 // ca807f
0x00000000000e1f4d : retf 0x817 // ca1708
0x00000000000f7a22 : retf 0x877 // ca7708
0x0000000000064d72 : retf 0x8b8 // cab808
0x000000000003ee4d : retf 0x948 // ca4809
0x000000000007e831 : retf 0x94c // ca4c09
0x00000000000a6679 : retf 0x974 // ca7409
0x000000000004e7b0 : retf 0x97e // ca7e09
0x00000000000dcff2 : retf 0x9b8 // cab809
0x000000000010af42 : retf 0xa0 // caa000
0x0000000000129bc2 : retf 0xb // ca0b00
0x000000000002f012 : retf 0xb56 // ca560b
0x0000000000099159 : retf 0xb8 // cab800
0x00000000000aaa6e : retf 0xb85 // ca850b
0x00000000000dd0b2 : retf 0xbb8 // cab80b
0x00000000000b0c2b : retf 0xbe9 // cae90b
0x000000000000c880 : retf 0xc // ca0c00
0x00000000000a3b42 : retf 0xc51 // ca510c
0x0000000000097f96 : retf 0xc54 // ca540c
0x000000000009b93a : retf 0xc75 // ca750c
0x00000000000a09ce : retf 0xc94 // ca940c
0x000000000009f002 : retf 0xc9c // ca9c0c
0x0000000000009559 : retf 0xd // ca0d00
0x000000000015a8d7 : retf 0xd39 // ca390d
0x00000000000fc6c2 : retf 0xd4 // cad400
0x0000000000117e90 : retf 0xd74 // ca740d
0x000000000002b0b3 : retf 0xd88 // ca880d
0x000000000008c52a : retf 0xda6 // caa60d
0x0000000000004921 : retf 0xe // ca0e00
0x000000000017e6ee : retf 0xe0a // ca0a0e
0x0000000000158513 : retf 0xe80 // ca800e
0x000000000008bd1b : retf 0xee9 // cae90e
0x000000000004b6a0 : retf 0xeeb // caeb0e
0x0000000000010930 : retf 0xf // ca0f00
0x0000000000079a54 : retf 0xf01 // ca010f
0x000000000013194c : retf 0xf02 // ca020f
0x0000000000131acc : retf 0xf03 // ca030f
0x00000000000bd03d : retf 0xf04 // ca040f
0x0000000000131dcc : retf 0xf05 // ca050f
0x0000000000131f4c : retf 0xf06 // ca060f
0x00000000001320cc : retf 0xf07 // ca070f
0x000000000013224c : retf 0xf08 // ca080f
0x00000000001323cc : retf 0xf09 // ca090f
0x000000000013254c : retf 0xf0a // ca0a0f
0x00000000001326cc : retf 0xf0b // ca0b0f
0x000000000013284c : retf 0xf0c // ca0c0f
0x00000000001329cc : retf 0xf0d // ca0d0f
0x0000000000132b4c : retf 0xf0e // ca0e0f
0x0000000000132ccc : retf 0xf0f // ca0f0f
0x000000000003bc84 : retf 0xf41 // ca410f
0x000000000007bd28 : retf 0xf44 // ca440f
0x00000000000375ee : retf 0xf45 // ca450f
0x000000000006e266 : retf 0xf48 // ca480f
0x000000000004cbd8 : retf 0xf4c // ca4c0f
0x000000000015a428 : retf 0xf64 // ca640f
0x000000000007ec73 : retf 0xf66 // ca660f
0x0000000000028ab6 : retf 0xf72 // ca720f
0x0000000000024ad2 : retf 0xfa7 // caa70f
0x00000000001335f1 : retf 0xff2 // caf20f
0x00000000001335ec : retf 0xff3 // caf30f
0x0000000000010460 : retf 1 // ca0100
0x000000000000c758 : retf 2 // ca0200
0x00000000000011dc : retf 3 // ca0300
0x00000000000013a4 : retf 4 // ca0400
0x0000000000001578 : retf 5 // ca0500
0x0000000000001720 : retf 6 // ca0600
0x0000000000156574 : retf 7 // ca0700
0x000000000005f6a6 : retf 8 // ca0800
0x00000000000c68a6 : retf 9 // ca0900
0x000000000017e291 : sahf ; call rdi // 9ef2ffd7
0x000000000011c80a : sahf ; ret // 9ec3
0x00000000000abcdc : sahf ; ret 0x2941 // 9ec24129
0x0000000000158885 : sahf ; ret 0x38ae // 9ec2ae38
0x00000000001593bc : sahf ; retf // 9ecb
0x000000000005e9ee : sahf ; retf 3 // 9eca0300
0x0000000000068a3e : sahf ; retf 8 // 9eca0800
0x00000000000f3e69 : salc ; call rax // d6ffd0
0x00000000000022e8 : salc ; ret // d6c3
0x00000000000025ee : salc ; ret 0x23cb // d6c2cb23
0x000000000009ad66 : salc ; retf // d6cb
0x0000000000024cd2 : salc ; retf 0x13 // d6ca1300
0x00000000000db2df : salc ; syscall // d60f05
0x0000000000001d40 : scasb al, byte ptr [rdi] ; retf -0x6dda // aeca2692
0x000000000006d5f5 : scasd eax, dword ptr [rdi] ; ret // afc3
0x0000000000119892 : scasd eax, dword ptr [rdi] ; ret 0x148 // afc24801
0x000000000006d4eb : scasd eax, dword ptr [rdi] ; ret 0x2948 // afc24829
0x0000000000098f1a : scasd eax, dword ptr [rdi] ; ret 0x78e9 // afc2e978
0x000000000007cc69 : scasd eax, dword ptr [rdi] ; ret 0x8949 // afc24989
0x0000000000034620 : scasd eax, dword ptr [rdi] ; ret 0xc748 // afc248c7
0x00000000000319a4 : scasd eax, dword ptr [rdi] ; ret 0xd231 // afc231d2
0x0000000000098f09 : scasd eax, dword ptr [rdi] ; ret 0xda89 // afc289da
0x0000000000182b4a : stc ; call qword ptr [rax] // f9ff10
0x000000000016f2f2 : stc ; call rsp // f9ffd4
0x00000000001880ba : stc ; jmp qword ptr [rsi] // f9ff26
0x000000000016f3a2 : stc ; jmp rsp // f9ffe4
0x000000000009c423 : stc ; ret // f9c3
0x000000000012d6e3 : stc ; retf // f9cb
0x000000000016a186 : std ; call qword ptr [rax] // fdff10
0x000000000016a06e : std ; call qword ptr [rcx] // fdff11
0x000000000016a076 : std ; call rax // fdffd0
0x000000000016a0b2 : std ; call rcx // fdffd1
0x000000000016a10a : std ; call rsi // fdffd6
0x00000000001707fa : std ; call rsp // fdffd4
0x0000000000171b1a : std ; jmp qword ptr [rdi] // fdff27
0x00000000001710c2 : std ; jmp qword ptr [rdx] // fdff22
0x000000000016a06a : std ; jmp rax // fdffe0
0x000000000016a1fe : std ; jmp rcx // fdffe1
0x0000000000179dca : std ; jmp rdi // fdffe7
0x000000000016a07e : std ; jmp rsi // fdffe6
0x0000000000170862 : std ; jmp rsp // fdffe4
0x0000000000159eba : std ; retf // fdcb
0x00000000001614ea : sti ; call qword ptr [rax] // fbff10
0x0000000000169f0e : sti ; call rax // fbffd0
0x00000000000c9063 : sti ; call rcx // fbffd1
0x00000000001702ba : sti ; call rsp // fbffd4
0x0000000000169ef2 : sti ; jmp qword ptr [rax] // fbff20
0x000000000018b93a : sti ; jmp qword ptr [rdx] // fbff22
0x000000000016108a : sti ; jmp rax // fbffe0
0x0000000000170342 : sti ; jmp rsp // fbffe4
0x000000000015910a : sti ; ret // fbc3
0x000000000003c758 : sti ; ret 0xffbf // fbc2bfff
0x000000000003f3b0 : sti ; syscall // fb0f05
0x000000000000231b : stosb byte ptr [rdi], al ; ret // aac3
0x000000000003395c : stosd dword ptr [rdi], eax ; ret // abc3
0x000000000002e8d1 : stosd dword ptr [rdi], eax ; ret 0x36 // abc23600
0x0000000000101a21 : stosd dword ptr [rdi], eax ; retf // abcb
0x000000000015a5ea : stosd dword ptr [rdi], eax ; retf -0x5d02 // abcafea2
0x000000000010b909 : stosd dword ptr [rdi], eax ; retf 5 // abca0500
0x00000000000026c7 : syscall // 0f05
0x0000000000057ecc : sysenter // 0f34
0x000000000003f0e1 : wait ; ret // 9bc3
0x00000000000675d1 : wait ; retf // 9bcb
0x000000000017df39 : xchg eax, ebp ; jmp qword ptr [rcx] // 95f2ff21
0x00000000000020d7 : xchg eax, ebp ; ret // 95c3
0x00000000000a6d23 : xchg eax, ebp ; ret 0x205f // 95c25f20
0x000000000010741d : xchg eax, ebp ; ret 0x233c // 95c23c23
0x000000000009e587 : xchg eax, ebp ; ret 0x2941 // 95c24129
0x00000000000a0741 : xchg eax, ebp ; ret 0x2945 // 95c24529
0x0000000000106f48 : xchg eax, ebp ; ret 0x2c3c // 95c23c2c
0x000000000008eab5 : xchg eax, ebp ; ret 0x3941 // 95c24139
0x00000000000dc2fd : xchg eax, ebp ; ret 0x3948 // 95c24839
0x00000000000667f5 : xchg eax, ebp ; ret 0x5389 // 95c28953
0x00000000000337b5 : xchg eax, ebp ; ret 0x5489 // 95c28954
0x0000000000109695 : xchg eax, ebp ; ret 0x8041 // 95c24180
0x000000000003787c : xchg eax, ebp ; ret 0x8545 // 95c24585
0x000000000004165d : xchg eax, ebp ; ret 0x854d // 95c24d85
0x00000000000390ac : xchg eax, ebp ; ret 0x941 // 95c24109
0x000000000002e68b : xchg eax, ebp ; ret 0x953d // 95c23d95
0x00000000000a4cc0 : xchg eax, ebp ; ret 0xb60f // 95c20fb6
0x000000000004cf2d : xchg eax, ebp ; ret 0xc166 // 95c266c1
0x0000000000041551 : xchg eax, ebp ; ret 0xc221 // 95c221c2
0x00000000000d4c4f : xchg eax, ebp ; ret 0xd120 // 95c220d1
0x00000000000a6d8d : xchg eax, ebp ; ret 0xd121 // 95c221d1
0x00000000000a84f6 : xchg eax, ebp ; ret 0xd138 // 95c238d1
0x00000000000c645c : xchg eax, ebp ; ret 0xd201 // 95c201d2
0x00000000000379fc : xchg eax, ebp ; ret 0xd348 // 95c248d3
0x0000000000033d41 : xchg eax, ebp ; ret 0xd521 // 95c221d5
0x00000000000a6eb0 : xchg eax, ebp ; ret 0xdae9 // 95c2e9da
0x0000000000067041 : xchg eax, ebp ; ret 0xdaf7 // 95c2f7da
0x000000000009b771 : xchg eax, ebp ; ret 0xe883 // 95c283e8
0x0000000000037a2e : xchg eax, ebp ; ret 0xf41 // 95c2410f
0x000000000009ba57 : xchg eax, ebp ; ret 0xf883 // 95c283f8
0x0000000000106f6f : xchg eax, ebp ; ret 0xf980 // 95c280f9
0x0000000000003a89 : xchg eax, ebp ; retf 0x10bf // 95cabf10
0x0000000000158e22 : xchg eax, ebp ; retf 0x33e6 // 95cae633
0x0000000000001ebe : xchg eax, ebx ; retf // 93cb
0x000000000005f1b9 : xchg eax, ebx ; retf 0 // 93ca0000
0x000000000004af83 : xchg eax, ecx ; retf // 91cb
0x00000000001052f2 : xchg eax, edi ; ret // 97c3
0x00000000000a63f7 : xchg eax, edi ; ret 0x1489 // 97c28914
0x000000000003df33 : xchg eax, edi ; ret 0xd284 // 97c284d2
0x00000000000f8db5 : xchg eax, edi ; ret 0xfff7 // 97c2f7ff
0x0000000000158f3d : xchg eax, edi ; retf -0x1eae // 97ca52e1
0x0000000000001ead : xchg eax, edi ; retf 0x20f4 // 97caf420
0x00000000000b8df5 : xchg eax, edx ; ret 0x148 // 92c24801
0x0000000000038ace : xchg eax, edx ; ret 0x2948 // 92c24829
0x000000000003b2ee : xchg eax, edx ; ret 0x294c // 92c24c29
0x000000000010efd8 : xchg eax, edx ; ret 0x3941 // 92c24139
0x00000000000a9ef3 : xchg eax, edx ; ret 0x3948 // 92c24839
0x00000000000bc34c : xchg eax, edx ; ret 0x830f // 92c20f83
0x0000000000042c7c : xchg eax, edx ; ret 0x8949 // 92c24989
0x0000000000037c42 : xchg eax, edx ; ret 0x894d // 92c24d89
0x00000000000dd17e : xchg eax, edx ; ret 0x970f // 92c20f97
0x00000000000e01a4 : xchg eax, edx ; ret 0xcc80 // 92c280cc
0x00000000000b9599 : xchg eax, edx ; ret 0xd029 // 92c229d0
0x00000000000c6d21 : xchg eax, edx ; ret 0xd138 // 92c238d1
0x000000000010efe4 : xchg eax, edx ; ret 0xd284 // 92c284d2
0x0000000000125c2d : xchg eax, edx ; ret 0xf40 // 92c2400f
0x000000000015808f : xchg eax, edx ; ret 0xf869 // 92c269f8
0x00000000000d95ca : xchg eax, edx ; retf // 92cb
0x00000000000ab54a : xchg eax, edx ; retf -1 // 92caffff
0x00000000000fd9d7 : xchg eax, esi ; ret // 96c3
0x00000000000802fb : xchg eax, esi ; ret 0x3145 // 96c24531
0x00000000001041b7 : xchg eax, esi ; ret 0x8341 // 96c24183
0x000000000015a92c : xchg eax, esi ; ret 0xcd11 // 96c211cd
0x00000000000802a1 : xchg eax, esi ; ret 0xf631 // 96c231f6
0x00000000000c2e9e : xchg eax, esi ; retf -0xb // 96caf5ff
0x000000000007d81f : xchg eax, esp ; ret // 94c3
0x000000000017cc9c : xchg eax, esp ; ret 0 // 94c20000
0x00000000000d27aa : xchg eax, esp ; ret 0x1589 // 94c28915
0x00000000000dc3e6 : xchg eax, esp ; ret 0x2040 // 94c24020
0x000000000009fbeb : xchg eax, esp ; ret 0x2948 // 94c24829
0x000000000009d5f3 : xchg eax, esp ; ret 0x294c // 94c24c29
0x00000000000a870f : xchg eax, esp ; ret 0x3840 // 94c24038
0x000000000008eb6e : xchg eax, esp ; ret 0x3941 // 94c24139
0x0000000000040d5e : xchg eax, esp ; ret 0x3ce9 // 94c2e93c
0x0000000000114439 : xchg eax, esp ; ret 0x3d83 // 94c2833d
0x00000000000d4e03 : xchg eax, esp ; ret 0x4be9 // 94c2e94b
0x0000000000040bc6 : xchg eax, esp ; ret 0x5422 // 94c22254
0x000000000005444b : xchg eax, esp ; ret 0x7f3c // 94c23c7f
0x00000000000e2721 : xchg eax, esp ; ret 0x8041 // 94c24180
0x0000000000040da6 : xchg eax, esp ; ret 0x8341 // 94c24183
0x000000000003df12 : xchg eax, esp ; ret 0x8348 // 94c24883
0x0000000000098e85 : xchg eax, esp ; ret 0x8444 // 94c24484
0x00000000000cd379 : xchg eax, esp ; ret 0x8548 // 94c24885
0x00000000000ccef4 : xchg eax, esp ; ret 0x854d // 94c24d85
0x00000000000d4607 : xchg eax, esp ; ret 0x8944 // 94c24489
0x00000000000fe50a : xchg eax, esp ; ret 0x8945 // 94c24589
0x00000000000d2d18 : xchg eax, esp ; ret 0x8948 // 94c24889
0x0000000000040b9f : xchg eax, esp ; ret 0x8b44 // 94c2448b
0x00000000000fa5c9 : xchg eax, esp ; ret 0x8b48 // 94c2488b
0x00000000000ae5ef : xchg eax, esp ; ret 0x8d4c // 94c24c8d
0x0000000000106586 : xchg eax, esp ; ret 0x93c // 94c23c09
0x0000000000022149 : xchg eax, esp ; ret 0x9e9 // 94c2e909
0x0000000000040cc0 : xchg eax, esp ; ret 0x9fe9 // 94c2e99f
0x000000000002d282 : xchg eax, esp ; ret 0xb60f // 94c20fb6
0x00000000000a8540 : xchg eax, esp ; ret 0xca21 // 94c221ca
0x00000000000be30f : xchg eax, esp ; ret 0xd008 // 94c208d0
0x00000000000be302 : xchg eax, esp ; ret 0xd009 // 94c209d0
0x00000000000cec25 : xchg eax, esp ; ret 0xd108 // 94c208d1
0x0000000000053b2e : xchg eax, esp ; ret 0xd189 // 94c289d1
0x000000000002031d : xchg eax, esp ; ret 0xd284 // 94c284d2
0x000000000008e9af : xchg eax, esp ; ret 0xd308 // 94c208d3
0x000000000006986d : xchg eax, esp ; ret 0xdaf7 // 94c2f7da
0x000000000009d437 : xchg eax, esp ; ret 0xf883 // 94c283f8
0x0000000000098de7 : xchg eax, esp ; ret 0xfd83 // 94c283fd
0x0000000000098e08 : xchg eax, esp ; ret 0xfe83 // 94c283fe
0x000000000016e670 : xchg eax, esp ; ret 0xfff7 // 94c2f7ff
0x000000000016f748 : xchg eax, esp ; retf -7 // 94caf9ff
0x00000000000f55d9 : xlatb ; jmp rax // d7ffe0
0x000000000007eb29 : xlatb ; ret // d7c3
0x000000000015a5a6 : xlatb ; ret 0x4e27 // d7c2274e
0x0000000000003278 : xlatb ; ret 0x5a51 // d7c2515a
0x00000000000824f7 : xlatb ; ret 0x94c // d7c24c09
0x00000000000836cf : xlatb ; ret 0xc085 // d7c285c0
0x000000000007eb20 : xlatb ; ret 0xc148 // d7c248c1
0x000000000008f1db : xlatb ; ret 0xf188 // d7c288f1
0x00000000000806a4 : xlatb ; ret 0xf66 // d7c2660f
0x000000000007ebbd : xlatb ; retf // d7cb
0x000000000007ed90 : xlatb ; retf -0x152d // d7cad3ea
0x0000000000159492 : xlatb ; retf -0x2081 // d7ca7fdf
0x00000000000825d4 : xlatb ; retf -0x3eb8 // d7ca48c1
0x0000000000158564 : xlatb ; retf -0x5e15 // d7caeba1
0x000000000009a952 : xlatb ; retf -0x7ab8 // d7ca4885
0x000000000009a7fc : xlatb ; retf 0xf66 // d7ca660f
0x00000000000dac29 : xlatb ; syscall // d70f05

Unique gadgets found: 2120
